<?xml version="1.0" encoding="UTF-8"?>
<!-- Generated by org.testng.reporters.JUnitReportReporter -->
<testsuite hostname="DESKTOP-T2GVVGS" failures="0" tests="3" name="com.vtiger.practice.TestNgBasicConfigAnnotionPracticeTest" time="0.035" errors="0" timestamp="2022-05-16T17:13:34 IST" skipped="0">
  <testcase classname="com.vtiger.practice.TestNgBasicConfigAnnotionPracticeTest" name="practiceTest2" time="0.004"/>
  <system-out>
    <![CDATA[gudbye]]>
  </system-out>
  <testcase classname="com.vtiger.practice.TestNgBasicConfigAnnotionPracticeTest" name="practiceTest" time="0.024"/>
  <system-out>
    <![CDATA[hi]]>
  </system-out>
  <testcase classname="com.vtiger.practice.TestNgBasicConfigAnnotionPracticeTest" name="practiceTest1" time="0.007"/>
  <system-out>
    <![CDATA[bye]]>
  </system-out>
</testsuite> <!-- com.vtiger.practice.TestNgBasicConfigAnnotionPracticeTest -->
