<?xml version="1.0" encoding="UTF-8"?>
<!-- Generated by org.testng.reporters.JUnitReportReporter -->
<testsuite hostname="DESKTOP-T2GVVGS" failures="0" tests="1" name="com.vtiger.campiagnTest.CreateCampaignAlongWithProductTest" time="21.819" errors="0" timestamp="2022-05-26T10:08:40 IST" skipped="0">
  <testcase classname="com.vtiger.campiagnTest.CreateCampaignAlongWithProductTest" name="createProductByCampiagn" time="21.819"/>
  <system-out/>
</testsuite> <!-- com.vtiger.campiagnTest.CreateCampaignAlongWithProductTest -->
