<?xml version="1.0" encoding="UTF-8"?>
<!-- Generated by org.testng.reporters.JUnitReportReporter -->
<testsuite hostname="DESKTOP-T2GVVGS" failures="0" tests="1" name="com.vtiger.leadTest.SearchLeadByClickingOnPhoneTest" time="13.256" errors="0" timestamp="2022-05-19T16:44:14 IST" skipped="0">
  <testcase classname="com.vtiger.leadTest.SearchLeadByClickingOnPhoneTest" name="searchLeadByClickingOnPhone" time="13.256"/>
  <system-out/>
</testsuite> <!-- com.vtiger.leadTest.SearchLeadByClickingOnPhoneTest -->
