<?xml version="1.0" encoding="UTF-8"?>
<!-- Generated by org.testng.reporters.JUnitReportReporter -->
<testsuite hostname="DESKTOP-T2GVVGS" failures="0" tests="1" name="com.vtiger.organizationTest.CreateOrganizationByGivingIndustryTypeTest" time="17.832" errors="0" timestamp="2022-05-26T10:08:40 IST" skipped="0">
  <testcase classname="com.vtiger.organizationTest.CreateOrganizationByGivingIndustryTypeTest" name="createOrganizationByGivingIndustryType" time="17.832"/>
  <system-out/>
</testsuite> <!-- com.vtiger.organizationTest.CreateOrganizationByGivingIndustryTypeTest -->
