<?xml version="1.0" encoding="UTF-8"?>
<!-- Generated by org.testng.reporters.JUnitReportReporter -->
<testsuite hostname="DESKTOP-T2GVVGS" failures="0" tests="1" name="com.vtiger.campiagnTest.CreateCampaignTest" time="17.203" errors="0" timestamp="2022-05-26T17:23:17 IST" skipped="0">
  <testcase classname="com.vtiger.campiagnTest.CreateCampaignTest" name="createCampiagnTest" time="17.203"/>
  <system-out/>
</testsuite> <!-- com.vtiger.campiagnTest.CreateCampaignTest -->
