<?xml version="1.0" encoding="UTF-8"?>
<!-- Generated by org.testng.reporters.JUnitReportReporter -->
<testsuite hostname="DESKTOP-T2GVVGS" failures="0" tests="1" name="com.vtiger.contactTest.CreateContactByUsingPropertyFileTest" time="28.186" errors="1" timestamp="2022-05-18T11:31:27 IST" skipped="0">
  <testcase classname="com.vtiger.contactTest.CreateContactByUsingPropertyFileTest" name="createContact" time="28.186">
    <error type="java.lang.StackOverflowError">
      <![CDATA[java.lang.StackOverflowError
at com.vtiger.objectRepository.CreateContactPage.ContactValid(CreateContactPage.java:41)
at com.vtiger.objectRepository.CreateContactPage.ContactValid(CreateContactPage.java:41)
at com.vtiger.objectRepository.CreateContactPage.ContactValid(CreateContactPage.java:41)
at com.vtiger.objectRepository.CreateContactPage.ContactValid(CreateContactPage.java:41)
at com.vtiger.objectRepository.CreateContactPage.ContactValid(CreateContactPage.java:41)
at com.vtiger.objectRepository.CreateContactPage.ContactValid(CreateContactPage.java:41)
at com.vtiger.objectRepository.CreateContactPage.ContactValid(CreateContactPage.java:41)
at com.vtiger.objectRepository.CreateContactPage.ContactValid(CreateContactPage.java:41)
at com.vtiger.objectRepository.CreateContactPage.ContactValid(CreateContactPage.java:41)
at com.vtiger.objectRepository.CreateContactPage.ContactValid(CreateContactPage.java:41)
at com.vtiger.objectRepository.CreateContactPage.ContactValid(CreateContactPage.java:41)
at com.vtiger.objectRepository.CreateContactPage.ContactValid(CreateContactPage.java:41)
at com.vtiger.objectRepository.CreateContactPage.ContactValid(CreateContactPage.java:41)
at com.vtiger.objectRepository.CreateContactPage.ContactValid(CreateContactPage.java:41)
at com.vtiger.objectRepository.CreateContactPage.ContactValid(CreateContactPage.java:41)
at com.vtiger.objectRepository.CreateContactPage.ContactValid(CreateContactPage.java:41)
at com.vtiger.objectRepository.CreateContactPage.ContactValid(CreateContactPage.java:41)
at com.vtiger.objectRepository.CreateContactPage.ContactValid(CreateContactPage.java:41)
at com.vtiger.objectRepository.CreateContactPage.ContactValid(CreateContactPage.java:41)
at com.vtiger.objectRepository.CreateContactPage.ContactValid(CreateContactPage.java:41)
at com.vtiger.objectRepository.CreateContactPage.ContactValid(CreateContactPage.java:41)
at com.vtiger.objectRepository.CreateContactPage.ContactValid(CreateContactPage.java:41)
at com.vtiger.objectRepository.CreateContactPage.ContactValid(CreateContactPage.java:41)
at com.vtiger.objectRepository.CreateContactPage.ContactValid(CreateContactPage.java:41)
at com.vtiger.objectRepository.CreateContactPage.ContactValid(CreateContactPage.java:41)
at com.vtiger.objectRepository.CreateContactPage.ContactValid(CreateContactPage.java:41)
at com.vtiger.objectRepository.CreateContactPage.ContactValid(CreateContactPage.java:41)
at com.vtiger.objectRepository.CreateContactPage.ContactValid(CreateContactPage.java:41)
at com.vtiger.objectRepository.CreateContactPage.ContactValid(CreateContactPage.java:41)
at com.vtiger.objectRepository.CreateContactPage.ContactValid(CreateContactPage.java:41)
at com.vtiger.objectRepository.CreateContactPage.ContactValid(CreateContactPage.java:41)
at com.vtiger.objectRepository.CreateContactPage.ContactValid(CreateContactPage.java:41)
at com.vtiger.objectRepository.CreateContactPage.ContactValid(CreateContactPage.java:41)
at com.vtiger.objectRepository.CreateContactPage.ContactValid(CreateContactPage.java:41)
at com.vtiger.objectRepository.CreateContactPage.ContactValid(CreateContactPage.java:41)
at com.vtiger.objectRepository.CreateContactPage.ContactValid(CreateContactPage.java:41)
at com.vtiger.objectRepository.CreateContactPage.ContactValid(CreateContactPage.java:41)
at com.vtiger.objectRepository.CreateContactPage.ContactValid(CreateContactPage.java:41)
at com.vtiger.objectRepository.CreateContactPage.ContactValid(CreateContactPage.java:41)
at com.vtiger.objectRepository.CreateContactPage.ContactValid(CreateContactPage.java:41)
at com.vtiger.objectRepository.CreateContactPage.ContactValid(CreateContactPage.java:41)
at com.vtiger.objectRepository.CreateContactPage.ContactValid(CreateContactPage.java:41)
at com.vtiger.objectRepository.CreateContactPage.ContactValid(CreateContactPage.java:41)
at com.vtiger.objectRepository.CreateContactPage.ContactValid(CreateContactPage.java:41)
at com.vtiger.objectRepository.CreateContactPage.ContactValid(CreateContactPage.java:41)
at com.vtiger.objectRepository.CreateContactPage.ContactValid(CreateContactPage.java:41)
at com.vtiger.objectRepository.CreateContactPage.ContactValid(CreateContactPage.java:41)
at com.vtiger.objectRepository.CreateContactPage.ContactValid(CreateContactPage.java:41)
at com.vtiger.objectRepository.CreateContactPage.ContactValid(CreateContactPage.java:41)
at com.vtiger.objectRepository.CreateContactPage.ContactValid(CreateContactPage.java:41)
at com.vtiger.objectRepository.CreateContactPage.ContactValid(CreateContactPage.java:41)
at com.vtiger.objectRepository.CreateContactPage.ContactValid(CreateContactPage.java:41)
at com.vtiger.objectRepository.CreateContactPage.ContactValid(CreateContactPage.java:41)
at com.vtiger.objectRepository.CreateContactPage.ContactValid(CreateContactPage.java:41)
at com.vtiger.objectRepository.CreateContactPage.ContactValid(CreateContactPage.java:41)
at com.vtiger.objectRepository.CreateContactPage.ContactValid(CreateContactPage.java:41)
at com.vtiger.objectRepository.CreateContactPage.ContactValid(CreateContactPage.java:41)
at com.vtiger.objectRepository.CreateContactPage.ContactValid(CreateContactPage.java:41)
at com.vtiger.objectRepository.CreateContactPage.ContactValid(CreateContactPage.java:41)
at com.vtiger.objectRepository.CreateContactPage.ContactValid(CreateContactPage.java:41)
at com.vtiger.objectRepository.CreateContactPage.ContactValid(CreateContactPage.java:41)
at com.vtiger.objectRepository.CreateContactPage.ContactValid(CreateContactPage.java:41)
at com.vtiger.objectRepository.CreateContactPage.ContactValid(CreateContactPage.java:41)
at com.vtiger.objectRepository.CreateContactPage.ContactValid(CreateContactPage.java:41)
at com.vtiger.objectRepository.CreateContactPage.ContactValid(CreateContactPage.java:41)
at com.vtiger.objectRepository.CreateContactPage.ContactValid(CreateContactPage.java:41)
at com.vtiger.objectRepository.CreateContactPage.ContactValid(CreateContactPage.java:41)
at com.vtiger.objectRepository.CreateContactPage.ContactValid(CreateContactPage.java:41)
at com.vtiger.objectRepository.CreateContactPage.ContactValid(CreateContactPage.java:41)
at com.vtiger.objectRepository.CreateContactPage.ContactValid(CreateContactPage.java:41)
at com.vtiger.objectRepository.CreateContactPage.ContactValid(CreateContactPage.java:41)
at com.vtiger.objectRepository.CreateContactPage.ContactValid(CreateContactPage.java:41)
at com.vtiger.objectRepository.CreateContactPage.ContactValid(CreateContactPage.java:41)
at com.vtiger.objectRepository.CreateContactPage.ContactValid(CreateContactPage.java:41)
at com.vtiger.objectRepository.CreateContactPage.ContactValid(CreateContactPage.java:41)
at com.vtiger.objectRepository.CreateContactPage.ContactValid(CreateContactPage.java:41)
at com.vtiger.objectRepository.CreateContactPage.ContactValid(CreateContactPage.java:41)
at com.vtiger.objectRepository.CreateContactPage.ContactValid(CreateContactPage.java:41)
at com.vtiger.objectRepository.CreateContactPage.ContactValid(CreateContactPage.java:41)
at com.vtiger.objectRepository.CreateContactPage.ContactValid(CreateContactPage.java:41)
at com.vtiger.objectRepository.CreateContactPage.ContactValid(CreateContactPage.java:41)
at com.vtiger.objectRepository.CreateContactPage.ContactValid(CreateContactPage.java:41)
at com.vtiger.objectRepository.CreateContactPage.ContactValid(CreateContactPage.java:41)
at com.vtiger.objectRepository.CreateContactPage.ContactValid(CreateContactPage.java:41)
at com.vtiger.objectRepository.CreateContactPage.ContactValid(CreateContactPage.java:41)
at com.vtiger.objectRepository.CreateContactPage.ContactValid(CreateContactPage.java:41)
at com.vtiger.objectRepository.CreateContactPage.ContactValid(CreateContactPage.java:41)
at com.vtiger.objectRepository.CreateContactPage.ContactValid(CreateContactPage.java:41)
at com.vtiger.objectRepository.CreateContactPage.ContactValid(CreateContactPage.java:41)
at com.vtiger.objectRepository.CreateContactPage.ContactValid(CreateContactPage.java:41)
at com.vtiger.objectRepository.CreateContactPage.ContactValid(CreateContactPage.java:41)
at com.vtiger.objectRepository.CreateContactPage.ContactValid(CreateContactPage.java:41)
at com.vtiger.objectRepository.CreateContactPage.ContactValid(CreateContactPage.java:41)
at com.vtiger.objectRepository.CreateContactPage.ContactValid(CreateContactPage.java:41)
at com.vtiger.objectRepository.CreateContactPage.ContactValid(CreateContactPage.java:41)
at com.vtiger.objectRepository.CreateContactPage.ContactValid(CreateContactPage.java:41)
at com.vtiger.objectRepository.CreateContactPage.ContactValid(CreateContactPage.java:41)
at com.vtiger.objectRepository.CreateContactPage.ContactValid(CreateContactPage.java:41)
at com.vtiger.objectRepository.CreateContactPage.ContactValid(CreateContactPage.java:41)
at com.vtiger.objectRepository.CreateContactPage.ContactValid(CreateContactPage.java:41)
at com.vtiger.objectRepository.CreateContactPage.ContactValid(CreateContactPage.java:41)
at com.vtiger.objectRepository.CreateContactPage.ContactValid(CreateContactPage.java:41)
at com.vtiger.objectRepository.CreateContactPage.ContactValid(CreateContactPage.java:41)
at com.vtiger.objectRepository.CreateContactPage.ContactValid(CreateContactPage.java:41)
at com.vtiger.objectRepository.CreateContactPage.ContactValid(CreateContactPage.java:41)
at com.vtiger.objectRepository.CreateContactPage.ContactValid(CreateContactPage.java:41)
at com.vtiger.objectRepository.CreateContactPage.ContactValid(CreateContactPage.java:41)
at com.vtiger.objectRepository.CreateContactPage.ContactValid(CreateContactPage.java:41)
at com.vtiger.objectRepository.CreateContactPage.ContactValid(CreateContactPage.java:41)
at com.vtiger.objectRepository.CreateContactPage.ContactValid(CreateContactPage.java:41)
at com.vtiger.objectRepository.CreateContactPage.ContactValid(CreateContactPage.java:41)
at com.vtiger.objectRepository.CreateContactPage.ContactValid(CreateContactPage.java:41)
at com.vtiger.objectRepository.CreateContactPage.ContactValid(CreateContactPage.java:41)
at com.vtiger.objectRepository.CreateContactPage.ContactValid(CreateContactPage.java:41)
at com.vtiger.objectRepository.CreateContactPage.ContactValid(CreateContactPage.java:41)
at com.vtiger.objectRepository.CreateContactPage.ContactValid(CreateContactPage.java:41)
at com.vtiger.objectRepository.CreateContactPage.ContactValid(CreateContactPage.java:41)
at com.vtiger.objectRepository.CreateContactPage.ContactValid(CreateContactPage.java:41)
at com.vtiger.objectRepository.CreateContactPage.ContactValid(CreateContactPage.java:41)
at com.vtiger.objectRepository.CreateContactPage.ContactValid(CreateContactPage.java:41)
at com.vtiger.objectRepository.CreateContactPage.ContactValid(CreateContactPage.java:41)
at com.vtiger.objectRepository.CreateContactPage.ContactValid(CreateContactPage.java:41)
at com.vtiger.objectRepository.CreateContactPage.ContactValid(CreateContactPage.java:41)
at com.vtiger.objectRepository.CreateContactPage.ContactValid(CreateContactPage.java:41)
at com.vtiger.objectRepository.CreateContactPage.ContactValid(CreateContactPage.java:41)
at com.vtiger.objectRepository.CreateContactPage.ContactValid(CreateContactPage.java:41)
at com.vtiger.objectRepository.CreateContactPage.ContactValid(CreateContactPage.java:41)
at com.vtiger.objectRepository.CreateContactPage.ContactValid(CreateContactPage.java:41)
at com.vtiger.objectRepository.CreateContactPage.ContactValid(CreateContactPage.java:41)
at com.vtiger.objectRepository.CreateContactPage.ContactValid(CreateContactPage.java:41)
at com.vtiger.objectRepository.CreateContactPage.ContactValid(CreateContactPage.java:41)
at com.vtiger.objectRepository.CreateContactPage.ContactValid(CreateContactPage.java:41)
at com.vtiger.objectRepository.CreateContactPage.ContactValid(CreateContactPage.java:41)
at com.vtiger.objectRepository.CreateContactPage.ContactValid(CreateContactPage.java:41)
at com.vtiger.objectRepository.CreateContactPage.ContactValid(CreateContactPage.java:41)
at com.vtiger.objectRepository.CreateContactPage.ContactValid(CreateContactPage.java:41)
at com.vtiger.objectRepository.CreateContactPage.ContactValid(CreateContactPage.java:41)
at com.vtiger.objectRepository.CreateContactPage.ContactValid(CreateContactPage.java:41)
at com.vtiger.objectRepository.CreateContactPage.ContactValid(CreateContactPage.java:41)
at com.vtiger.objectRepository.CreateContactPage.ContactValid(CreateContactPage.java:41)
at com.vtiger.objectRepository.CreateContactPage.ContactValid(CreateContactPage.java:41)
at com.vtiger.objectRepository.CreateContactPage.ContactValid(CreateContactPage.java:41)
at com.vtiger.objectRepository.CreateContactPage.ContactValid(CreateContactPage.java:41)
at com.vtiger.objectRepository.CreateContactPage.ContactValid(CreateContactPage.java:41)
at com.vtiger.objectRepository.CreateContactPage.ContactValid(CreateContactPage.java:41)
at com.vtiger.objectRepository.CreateContactPage.ContactValid(CreateContactPage.java:41)
at com.vtiger.objectRepository.CreateContactPage.ContactValid(CreateContactPage.java:41)
at com.vtiger.objectRepository.CreateContactPage.ContactValid(CreateContactPage.java:41)
at com.vtiger.objectRepository.CreateContactPage.ContactValid(CreateContactPage.java:41)
at com.vtiger.objectRepository.CreateContactPage.ContactValid(CreateContactPage.java:41)
at com.vtiger.objectRepository.CreateContactPage.ContactValid(CreateContactPage.java:41)
at com.vtiger.objectRepository.CreateContactPage.ContactValid(CreateContactPage.java:41)
at com.vtiger.objectRepository.CreateContactPage.ContactValid(CreateContactPage.java:41)
at com.vtiger.objectRepository.CreateContactPage.ContactValid(CreateContactPage.java:41)
at com.vtiger.objectRepository.CreateContactPage.ContactValid(CreateContactPage.java:41)
at com.vtiger.objectRepository.CreateContactPage.ContactValid(CreateContactPage.java:41)
at com.vtiger.objectRepository.CreateContactPage.ContactValid(CreateContactPage.java:41)
at com.vtiger.objectRepository.CreateContactPage.ContactValid(CreateContactPage.java:41)
at com.vtiger.objectRepository.CreateContactPage.ContactValid(CreateContactPage.java:41)
at com.vtiger.objectRepository.CreateContactPage.ContactValid(CreateContactPage.java:41)
at com.vtiger.objectRepository.CreateContactPage.ContactValid(CreateContactPage.java:41)
at com.vtiger.objectRepository.CreateContactPage.ContactValid(CreateContactPage.java:41)
at com.vtiger.objectRepository.CreateContactPage.ContactValid(CreateContactPage.java:41)
at com.vtiger.objectRepository.CreateContactPage.ContactValid(CreateContactPage.java:41)
at com.vtiger.objectRepository.CreateContactPage.ContactValid(CreateContactPage.java:41)
at com.vtiger.objectRepository.CreateContactPage.ContactValid(CreateContactPage.java:41)
at com.vtiger.objectRepository.CreateContactPage.ContactValid(CreateContactPage.java:41)
at com.vtiger.objectRepository.CreateContactPage.ContactValid(CreateContactPage.java:41)
at com.vtiger.objectRepository.CreateContactPage.ContactValid(CreateContactPage.java:41)
at com.vtiger.objectRepository.CreateContactPage.ContactValid(CreateContactPage.java:41)
at com.vtiger.objectRepository.CreateContactPage.ContactValid(CreateContactPage.java:41)
at com.vtiger.objectRepository.CreateContactPage.ContactValid(CreateContactPage.java:41)
at com.vtiger.objectRepository.CreateContactPage.ContactValid(CreateContactPage.java:41)
at com.vtiger.objectRepository.CreateContactPage.ContactValid(CreateContactPage.java:41)
at com.vtiger.objectRepository.CreateContactPage.ContactValid(CreateContactPage.java:41)
at com.vtiger.objectRepository.CreateContactPage.ContactValid(CreateContactPage.java:41)
at com.vtiger.objectRepository.CreateContactPage.ContactValid(CreateContactPage.java:41)
at com.vtiger.objectRepository.CreateContactPage.ContactValid(CreateContactPage.java:41)
at com.vtiger.objectRepository.CreateContactPage.ContactValid(CreateContactPage.java:41)
at com.vtiger.objectRepository.CreateContactPage.ContactValid(CreateContactPage.java:41)
at com.vtiger.objectRepository.CreateContactPage.ContactValid(CreateContactPage.java:41)
at com.vtiger.objectRepository.CreateContactPage.ContactValid(CreateContactPage.java:41)
at com.vtiger.objectRepository.CreateContactPage.ContactValid(CreateContactPage.java:41)
at com.vtiger.objectRepository.CreateContactPage.ContactValid(CreateContactPage.java:41)
at com.vtiger.objectRepository.CreateContactPage.ContactValid(CreateContactPage.java:41)
at com.vtiger.objectRepository.CreateContactPage.ContactValid(CreateContactPage.java:41)
at com.vtiger.objectRepository.CreateContactPage.ContactValid(CreateContactPage.java:41)
at com.vtiger.objectRepository.CreateContactPage.ContactValid(CreateContactPage.java:41)
at com.vtiger.objectRepository.CreateContactPage.ContactValid(CreateContactPage.java:41)
at com.vtiger.objectRepository.CreateContactPage.ContactValid(CreateContactPage.java:41)
at com.vtiger.objectRepository.CreateContactPage.ContactValid(CreateContactPage.java:41)
at com.vtiger.objectRepository.CreateContactPage.ContactValid(CreateContactPage.java:41)
at com.vtiger.objectRepository.CreateContactPage.ContactValid(CreateContactPage.java:41)
at com.vtiger.objectRepository.CreateContactPage.ContactValid(CreateContactPage.java:41)
at com.vtiger.objectRepository.CreateContactPage.ContactValid(CreateContactPage.java:41)
at com.vtiger.objectRepository.CreateContactPage.ContactValid(CreateContactPage.java:41)
at com.vtiger.objectRepository.CreateContactPage.ContactValid(CreateContactPage.java:41)
at com.vtiger.objectRepository.CreateContactPage.ContactValid(CreateContactPage.java:41)
at com.vtiger.objectRepository.CreateContactPage.ContactValid(CreateContactPage.java:41)
at com.vtiger.objectRepository.CreateContactPage.ContactValid(CreateContactPage.java:41)
at com.vtiger.objectRepository.CreateContactPage.ContactValid(CreateContactPage.java:41)
at com.vtiger.objectRepository.CreateContactPage.ContactValid(CreateContactPage.java:41)
at com.vtiger.objectRepository.CreateContactPage.ContactValid(CreateContactPage.java:41)
at com.vtiger.objectRepository.CreateContactPage.ContactValid(CreateContactPage.java:41)
at com.vtiger.objectRepository.CreateContactPage.ContactValid(CreateContactPage.java:41)
at com.vtiger.objectRepository.CreateContactPage.ContactValid(CreateContactPage.java:41)
at com.vtiger.objectRepository.CreateContactPage.ContactValid(CreateContactPage.java:41)
at com.vtiger.objectRepository.CreateContactPage.ContactValid(CreateContactPage.java:41)
at com.vtiger.objectRepository.CreateContactPage.ContactValid(CreateContactPage.java:41)
at com.vtiger.objectRepository.CreateContactPage.ContactValid(CreateContactPage.java:41)
at com.vtiger.objectRepository.CreateContactPage.ContactValid(CreateContactPage.java:41)
at com.vtiger.objectRepository.CreateContactPage.ContactValid(CreateContactPage.java:41)
at com.vtiger.objectRepository.CreateContactPage.ContactValid(CreateContactPage.java:41)
at com.vtiger.objectRepository.CreateContactPage.ContactValid(CreateContactPage.java:41)
at com.vtiger.objectRepository.CreateContactPage.ContactValid(CreateContactPage.java:41)
at com.vtiger.objectRepository.CreateContactPage.ContactValid(CreateContactPage.java:41)
at com.vtiger.objectRepository.CreateContactPage.ContactValid(CreateContactPage.java:41)
at com.vtiger.objectRepository.CreateContactPage.ContactValid(CreateContactPage.java:41)
at com.vtiger.objectRepository.CreateContactPage.ContactValid(CreateContactPage.java:41)
at com.vtiger.objectRepository.CreateContactPage.ContactValid(CreateContactPage.java:41)
at com.vtiger.objectRepository.CreateContactPage.ContactValid(CreateContactPage.java:41)
at com.vtiger.objectRepository.CreateContactPage.ContactValid(CreateContactPage.java:41)
at com.vtiger.objectRepository.CreateContactPage.ContactValid(CreateContactPage.java:41)
at com.vtiger.objectRepository.CreateContactPage.ContactValid(CreateContactPage.java:41)
at com.vtiger.objectRepository.CreateContactPage.ContactValid(CreateContactPage.java:41)
at com.vtiger.objectRepository.CreateContactPage.ContactValid(CreateContactPage.java:41)
at com.vtiger.objectRepository.CreateContactPage.ContactValid(CreateContactPage.java:41)
at com.vtiger.objectRepository.CreateContactPage.ContactValid(CreateContactPage.java:41)
at com.vtiger.objectRepository.CreateContactPage.ContactValid(CreateContactPage.java:41)
at com.vtiger.objectRepository.CreateContactPage.ContactValid(CreateContactPage.java:41)
at com.vtiger.objectRepository.CreateContactPage.ContactValid(CreateContactPage.java:41)
at com.vtiger.objectRepository.CreateContactPage.ContactValid(CreateContactPage.java:41)
at com.vtiger.objectRepository.CreateContactPage.ContactValid(CreateContactPage.java:41)
at com.vtiger.objectRepository.CreateContactPage.ContactValid(CreateContactPage.java:41)
at com.vtiger.objectRepository.CreateContactPage.ContactValid(CreateContactPage.java:41)
at com.vtiger.objectRepository.CreateContactPage.ContactValid(CreateContactPage.java:41)
at com.vtiger.objectRepository.CreateContactPage.ContactValid(CreateContactPage.java:41)
at com.vtiger.objectRepository.CreateContactPage.ContactValid(CreateContactPage.java:41)
at com.vtiger.objectRepository.CreateContactPage.ContactValid(CreateContactPage.java:41)
at com.vtiger.objectRepository.CreateContactPage.ContactValid(CreateContactPage.java:41)
at com.vtiger.objectRepository.CreateContactPage.ContactValid(CreateContactPage.java:41)
at com.vtiger.objectRepository.CreateContactPage.ContactValid(CreateContactPage.java:41)
at com.vtiger.objectRepository.CreateContactPage.ContactValid(CreateContactPage.java:41)
at com.vtiger.objectRepository.CreateContactPage.ContactValid(CreateContactPage.java:41)
at com.vtiger.objectRepository.CreateContactPage.ContactValid(CreateContactPage.java:41)
at com.vtiger.objectRepository.CreateContactPage.ContactValid(CreateContactPage.java:41)
at com.vtiger.objectRepository.CreateContactPage.ContactValid(CreateContactPage.java:41)
at com.vtiger.objectRepository.CreateContactPage.ContactValid(CreateContactPage.java:41)
at com.vtiger.objectRepository.CreateContactPage.ContactValid(CreateContactPage.java:41)
at com.vtiger.objectRepository.CreateContactPage.ContactValid(CreateContactPage.java:41)
at com.vtiger.objectRepository.CreateContactPage.ContactValid(CreateContactPage.java:41)
at com.vtiger.objectRepository.CreateContactPage.ContactValid(CreateContactPage.java:41)
at com.vtiger.objectRepository.CreateContactPage.ContactValid(CreateContactPage.java:41)
at com.vtiger.objectRepository.CreateContactPage.ContactValid(CreateContactPage.java:41)
at com.vtiger.objectRepository.CreateContactPage.ContactValid(CreateContactPage.java:41)
at com.vtiger.objectRepository.CreateContactPage.ContactValid(CreateContactPage.java:41)
at com.vtiger.objectRepository.CreateContactPage.ContactValid(CreateContactPage.java:41)
at com.vtiger.objectRepository.CreateContactPage.ContactValid(CreateContactPage.java:41)
at com.vtiger.objectRepository.CreateContactPage.ContactValid(CreateContactPage.java:41)
at com.vtiger.objectRepository.CreateContactPage.ContactValid(CreateContactPage.java:41)
at com.vtiger.objectRepository.CreateContactPage.ContactValid(CreateContactPage.java:41)
at com.vtiger.objectRepository.CreateContactPage.ContactValid(CreateContactPage.java:41)
at com.vtiger.objectRepository.CreateContactPage.ContactValid(CreateContactPage.java:41)
at com.vtiger.objectRepository.CreateContactPage.ContactValid(CreateContactPage.java:41)
at com.vtiger.objectRepository.CreateContactPage.ContactValid(CreateContactPage.java:41)
at com.vtiger.objectRepository.CreateContactPage.ContactValid(CreateContactPage.java:41)
at com.vtiger.objectRepository.CreateContactPage.ContactValid(CreateContactPage.java:41)
at com.vtiger.objectRepository.CreateContactPage.ContactValid(CreateContactPage.java:41)
at com.vtiger.objectRepository.CreateContactPage.ContactValid(CreateContactPage.java:41)
at com.vtiger.objectRepository.CreateContactPage.ContactValid(CreateContactPage.java:41)
at com.vtiger.objectRepository.CreateContactPage.ContactValid(CreateContactPage.java:41)
at com.vtiger.objectRepository.CreateContactPage.ContactValid(CreateContactPage.java:41)
at com.vtiger.objectRepository.CreateContactPage.ContactValid(CreateContactPage.java:41)
at com.vtiger.objectRepository.CreateContactPage.ContactValid(CreateContactPage.java:41)
at com.vtiger.objectRepository.CreateContactPage.ContactValid(CreateContactPage.java:41)
at com.vtiger.objectRepository.CreateContactPage.ContactValid(CreateContactPage.java:41)
at com.vtiger.objectRepository.CreateContactPage.ContactValid(CreateContactPage.java:41)
at com.vtiger.objectRepository.CreateContactPage.ContactValid(CreateContactPage.java:41)
at com.vtiger.objectRepository.CreateContactPage.ContactValid(CreateContactPage.java:41)
at com.vtiger.objectRepository.CreateContactPage.ContactValid(CreateContactPage.java:41)
at com.vtiger.objectRepository.CreateContactPage.ContactValid(CreateContactPage.java:41)
at com.vtiger.objectRepository.CreateContactPage.ContactValid(CreateContactPage.java:41)
at com.vtiger.objectRepository.CreateContactPage.ContactValid(CreateContactPage.java:41)
at com.vtiger.objectRepository.CreateContactPage.ContactValid(CreateContactPage.java:41)
at com.vtiger.objectRepository.CreateContactPage.ContactValid(CreateContactPage.java:41)
at com.vtiger.objectRepository.CreateContactPage.ContactValid(CreateContactPage.java:41)
at com.vtiger.objectRepository.CreateContactPage.ContactValid(CreateContactPage.java:41)
at com.vtiger.objectRepository.CreateContactPage.ContactValid(CreateContactPage.java:41)
at com.vtiger.objectRepository.CreateContactPage.ContactValid(CreateContactPage.java:41)
at com.vtiger.objectRepository.CreateContactPage.ContactValid(CreateContactPage.java:41)
at com.vtiger.objectRepository.CreateContactPage.ContactValid(CreateContactPage.java:41)
at com.vtiger.objectRepository.CreateContactPage.ContactValid(CreateContactPage.java:41)
at com.vtiger.objectRepository.CreateContactPage.ContactValid(CreateContactPage.java:41)
at com.vtiger.objectRepository.CreateContactPage.ContactValid(CreateContactPage.java:41)
at com.vtiger.objectRepository.CreateContactPage.ContactValid(CreateContactPage.java:41)
at com.vtiger.objectRepository.CreateContactPage.ContactValid(CreateContactPage.java:41)
at com.vtiger.objectRepository.CreateContactPage.ContactValid(CreateContactPage.java:41)
at com.vtiger.objectRepository.CreateContactPage.ContactValid(CreateContactPage.java:41)
at com.vtiger.objectRepository.CreateContactPage.ContactValid(CreateContactPage.java:41)
at com.vtiger.objectRepository.CreateContactPage.ContactValid(CreateContactPage.java:41)
at com.vtiger.objectRepository.CreateContactPage.ContactValid(CreateContactPage.java:41)
at com.vtiger.objectRepository.CreateContactPage.ContactValid(CreateContactPage.java:41)
at com.vtiger.objectRepository.CreateContactPage.ContactValid(CreateContactPage.java:41)
at com.vtiger.objectRepository.CreateContactPage.ContactValid(CreateContactPage.java:41)
at com.vtiger.objectRepository.CreateContactPage.ContactValid(CreateContactPage.java:41)
at com.vtiger.objectRepository.CreateContactPage.ContactValid(CreateContactPage.java:41)
at com.vtiger.objectRepository.CreateContactPage.ContactValid(CreateContactPage.java:41)
at com.vtiger.objectRepository.CreateContactPage.ContactValid(CreateContactPage.java:41)
at com.vtiger.objectRepository.CreateContactPage.ContactValid(CreateContactPage.java:41)
at com.vtiger.objectRepository.CreateContactPage.ContactValid(CreateContactPage.java:41)
at com.vtiger.objectRepository.CreateContactPage.ContactValid(CreateContactPage.java:41)
at com.vtiger.objectRepository.CreateContactPage.ContactValid(CreateContactPage.java:41)
at com.vtiger.objectRepository.CreateContactPage.ContactValid(CreateContactPage.java:41)
at com.vtiger.objectRepository.CreateContactPage.ContactValid(CreateContactPage.java:41)
at com.vtiger.objectRepository.CreateContactPage.ContactValid(CreateContactPage.java:41)
at com.vtiger.objectRepository.CreateContactPage.ContactValid(CreateContactPage.java:41)
at com.vtiger.objectRepository.CreateContactPage.ContactValid(CreateContactPage.java:41)
at com.vtiger.objectRepository.CreateContactPage.ContactValid(CreateContactPage.java:41)
at com.vtiger.objectRepository.CreateContactPage.ContactValid(CreateContactPage.java:41)
at com.vtiger.objectRepository.CreateContactPage.ContactValid(CreateContactPage.java:41)
at com.vtiger.objectRepository.CreateContactPage.ContactValid(CreateContactPage.java:41)
at com.vtiger.objectRepository.CreateContactPage.ContactValid(CreateContactPage.java:41)
at com.vtiger.objectRepository.CreateContactPage.ContactValid(CreateContactPage.java:41)
at com.vtiger.objectRepository.CreateContactPage.ContactValid(CreateContactPage.java:41)
at com.vtiger.objectRepository.CreateContactPage.ContactValid(CreateContactPage.java:41)
at com.vtiger.objectRepository.CreateContactPage.ContactValid(CreateContactPage.java:41)
at com.vtiger.objectRepository.CreateContactPage.ContactValid(CreateContactPage.java:41)
at com.vtiger.objectRepository.CreateContactPage.ContactValid(CreateContactPage.java:41)
at com.vtiger.objectRepository.CreateContactPage.ContactValid(CreateContactPage.java:41)
at com.vtiger.objectRepository.CreateContactPage.ContactValid(CreateContactPage.java:41)
at com.vtiger.objectRepository.CreateContactPage.ContactValid(CreateContactPage.java:41)
at com.vtiger.objectRepository.CreateContactPage.ContactValid(CreateContactPage.java:41)
at com.vtiger.objectRepository.CreateContactPage.ContactValid(CreateContactPage.java:41)
at com.vtiger.objectRepository.CreateContactPage.ContactValid(CreateContactPage.java:41)
at com.vtiger.objectRepository.CreateContactPage.ContactValid(CreateContactPage.java:41)
at com.vtiger.objectRepository.CreateContactPage.ContactValid(CreateContactPage.java:41)
at com.vtiger.objectRepository.CreateContactPage.ContactValid(CreateContactPage.java:41)
at com.vtiger.objectRepository.CreateContactPage.ContactValid(CreateContactPage.java:41)
at com.vtiger.objectRepository.CreateContactPage.ContactValid(CreateContactPage.java:41)
at com.vtiger.objectRepository.CreateContactPage.ContactValid(CreateContactPage.java:41)
at com.vtiger.objectRepository.CreateContactPage.ContactValid(CreateContactPage.java:41)
at com.vtiger.objectRepository.CreateContactPage.ContactValid(CreateContactPage.java:41)
at com.vtiger.objectRepository.CreateContactPage.ContactValid(CreateContactPage.java:41)
at com.vtiger.objectRepository.CreateContactPage.ContactValid(CreateContactPage.java:41)
at com.vtiger.objectRepository.CreateContactPage.ContactValid(CreateContactPage.java:41)
at com.vtiger.objectRepository.CreateContactPage.ContactValid(CreateContactPage.java:41)
at com.vtiger.objectRepository.CreateContactPage.ContactValid(CreateContactPage.java:41)
at com.vtiger.objectRepository.CreateContactPage.ContactValid(CreateContactPage.java:41)
at com.vtiger.objectRepository.CreateContactPage.ContactValid(CreateContactPage.java:41)
at com.vtiger.objectRepository.CreateContactPage.ContactValid(CreateContactPage.java:41)
at com.vtiger.objectRepository.CreateContactPage.ContactValid(CreateContactPage.java:41)
at com.vtiger.objectRepository.CreateContactPage.ContactValid(CreateContactPage.java:41)
at com.vtiger.objectRepository.CreateContactPage.ContactValid(CreateContactPage.java:41)
at com.vtiger.objectRepository.CreateContactPage.ContactValid(CreateContactPage.java:41)
at com.vtiger.objectRepository.CreateContactPage.ContactValid(CreateContactPage.java:41)
at com.vtiger.objectRepository.CreateContactPage.ContactValid(CreateContactPage.java:41)
at com.vtiger.objectRepository.CreateContactPage.ContactValid(CreateContactPage.java:41)
at com.vtiger.objectRepository.CreateContactPage.ContactValid(CreateContactPage.java:41)
at com.vtiger.objectRepository.CreateContactPage.ContactValid(CreateContactPage.java:41)
at com.vtiger.objectRepository.CreateContactPage.ContactValid(CreateContactPage.java:41)
at com.vtiger.objectRepository.CreateContactPage.ContactValid(CreateContactPage.java:41)
at com.vtiger.objectRepository.CreateContactPage.ContactValid(CreateContactPage.java:41)
at com.vtiger.objectRepository.CreateContactPage.ContactValid(CreateContactPage.java:41)
at com.vtiger.objectRepository.CreateContactPage.ContactValid(CreateContactPage.java:41)
at com.vtiger.objectRepository.CreateContactPage.ContactValid(CreateContactPage.java:41)
at com.vtiger.objectRepository.CreateContactPage.ContactValid(CreateContactPage.java:41)
at com.vtiger.objectRepository.CreateContactPage.ContactValid(CreateContactPage.java:41)
at com.vtiger.objectRepository.CreateContactPage.ContactValid(CreateContactPage.java:41)
at com.vtiger.objectRepository.CreateContactPage.ContactValid(CreateContactPage.java:41)
at com.vtiger.objectRepository.CreateContactPage.ContactValid(CreateContactPage.java:41)
at com.vtiger.objectRepository.CreateContactPage.ContactValid(CreateContactPage.java:41)
at com.vtiger.objectRepository.CreateContactPage.ContactValid(CreateContactPage.java:41)
at com.vtiger.objectRepository.CreateContactPage.ContactValid(CreateContactPage.java:41)
at com.vtiger.objectRepository.CreateContactPage.ContactValid(CreateContactPage.java:41)
at com.vtiger.objectRepository.CreateContactPage.ContactValid(CreateContactPage.java:41)
at com.vtiger.objectRepository.CreateContactPage.ContactValid(CreateContactPage.java:41)
at com.vtiger.objectRepository.CreateContactPage.ContactValid(CreateContactPage.java:41)
at com.vtiger.objectRepository.CreateContactPage.ContactValid(CreateContactPage.java:41)
at com.vtiger.objectRepository.CreateContactPage.ContactValid(CreateContactPage.java:41)
at com.vtiger.objectRepository.CreateContactPage.ContactValid(CreateContactPage.java:41)
at com.vtiger.objectRepository.CreateContactPage.ContactValid(CreateContactPage.java:41)
at com.vtiger.objectRepository.CreateContactPage.ContactValid(CreateContactPage.java:41)
at com.vtiger.objectRepository.CreateContactPage.ContactValid(CreateContactPage.java:41)
at com.vtiger.objectRepository.CreateContactPage.ContactValid(CreateContactPage.java:41)
at com.vtiger.objectRepository.CreateContactPage.ContactValid(CreateContactPage.java:41)
at com.vtiger.objectRepository.CreateContactPage.ContactValid(CreateContactPage.java:41)
at com.vtiger.objectRepository.CreateContactPage.ContactValid(CreateContactPage.java:41)
at com.vtiger.objectRepository.CreateContactPage.ContactValid(CreateContactPage.java:41)
at com.vtiger.objectRepository.CreateContactPage.ContactValid(CreateContactPage.java:41)
at com.vtiger.objectRepository.CreateContactPage.ContactValid(CreateContactPage.java:41)
at com.vtiger.objectRepository.CreateContactPage.ContactValid(CreateContactPage.java:41)
at com.vtiger.objectRepository.CreateContactPage.ContactValid(CreateContactPage.java:41)
at com.vtiger.objectRepository.CreateContactPage.ContactValid(CreateContactPage.java:41)
at com.vtiger.objectRepository.CreateContactPage.ContactValid(CreateContactPage.java:41)
at com.vtiger.objectRepository.CreateContactPage.ContactValid(CreateContactPage.java:41)
at com.vtiger.objectRepository.CreateContactPage.ContactValid(CreateContactPage.java:41)
at com.vtiger.objectRepository.CreateContactPage.ContactValid(CreateContactPage.java:41)
at com.vtiger.objectRepository.CreateContactPage.ContactValid(CreateContactPage.java:41)
at com.vtiger.objectRepository.CreateContactPage.ContactValid(CreateContactPage.java:41)
at com.vtiger.objectRepository.CreateContactPage.ContactValid(CreateContactPage.java:41)
at com.vtiger.objectRepository.CreateContactPage.ContactValid(CreateContactPage.java:41)
at com.vtiger.objectRepository.CreateContactPage.ContactValid(CreateContactPage.java:41)
at com.vtiger.objectRepository.CreateContactPage.ContactValid(CreateContactPage.java:41)
at com.vtiger.objectRepository.CreateContactPage.ContactValid(CreateContactPage.java:41)
at com.vtiger.objectRepository.CreateContactPage.ContactValid(CreateContactPage.java:41)
at com.vtiger.objectRepository.CreateContactPage.ContactValid(CreateContactPage.java:41)
at com.vtiger.objectRepository.CreateContactPage.ContactValid(CreateContactPage.java:41)
at com.vtiger.objectRepository.CreateContactPage.ContactValid(CreateContactPage.java:41)
at com.vtiger.objectRepository.CreateContactPage.ContactValid(CreateContactPage.java:41)
at com.vtiger.objectRepository.CreateContactPage.ContactValid(CreateContactPage.java:41)
at com.vtiger.objectRepository.CreateContactPage.ContactValid(CreateContactPage.java:41)
at com.vtiger.objectRepository.CreateContactPage.ContactValid(CreateContactPage.java:41)
at com.vtiger.objectRepository.CreateContactPage.ContactValid(CreateContactPage.java:41)
at com.vtiger.objectRepository.CreateContactPage.ContactValid(CreateContactPage.java:41)
at com.vtiger.objectRepository.CreateContactPage.ContactValid(CreateContactPage.java:41)
at com.vtiger.objectRepository.CreateContactPage.ContactValid(CreateContactPage.java:41)
at com.vtiger.objectRepository.CreateContactPage.ContactValid(CreateContactPage.java:41)
at com.vtiger.objectRepository.CreateContactPage.ContactValid(CreateContactPage.java:41)
at com.vtiger.objectRepository.CreateContactPage.ContactValid(CreateContactPage.java:41)
at com.vtiger.objectRepository.CreateContactPage.ContactValid(CreateContactPage.java:41)
at com.vtiger.objectRepository.CreateContactPage.ContactValid(CreateContactPage.java:41)
at com.vtiger.objectRepository.CreateContactPage.ContactValid(CreateContactPage.java:41)
at com.vtiger.objectRepository.CreateContactPage.ContactValid(CreateContactPage.java:41)
at com.vtiger.objectRepository.CreateContactPage.ContactValid(CreateContactPage.java:41)
at com.vtiger.objectRepository.CreateContactPage.ContactValid(CreateContactPage.java:41)
at com.vtiger.objectRepository.CreateContactPage.ContactValid(CreateContactPage.java:41)
at com.vtiger.objectRepository.CreateContactPage.ContactValid(CreateContactPage.java:41)
at com.vtiger.objectRepository.CreateContactPage.ContactValid(CreateContactPage.java:41)
at com.vtiger.objectRepository.CreateContactPage.ContactValid(CreateContactPage.java:41)
at com.vtiger.objectRepository.CreateContactPage.ContactValid(CreateContactPage.java:41)
at com.vtiger.objectRepository.CreateContactPage.ContactValid(CreateContactPage.java:41)
at com.vtiger.objectRepository.CreateContactPage.ContactValid(CreateContactPage.java:41)
at com.vtiger.objectRepository.CreateContactPage.ContactValid(CreateContactPage.java:41)
at com.vtiger.objectRepository.CreateContactPage.ContactValid(CreateContactPage.java:41)
at com.vtiger.objectRepository.CreateContactPage.ContactValid(CreateContactPage.java:41)
at com.vtiger.objectRepository.CreateContactPage.ContactValid(CreateContactPage.java:41)
at com.vtiger.objectRepository.CreateContactPage.ContactValid(CreateContactPage.java:41)
at com.vtiger.objectRepository.CreateContactPage.ContactValid(CreateContactPage.java:41)
at com.vtiger.objectRepository.CreateContactPage.ContactValid(CreateContactPage.java:41)
at com.vtiger.objectRepository.CreateContactPage.ContactValid(CreateContactPage.java:41)
at com.vtiger.objectRepository.CreateContactPage.ContactValid(CreateContactPage.java:41)
at com.vtiger.objectRepository.CreateContactPage.ContactValid(CreateContactPage.java:41)
at com.vtiger.objectRepository.CreateContactPage.ContactValid(CreateContactPage.java:41)
at com.vtiger.objectRepository.CreateContactPage.ContactValid(CreateContactPage.java:41)
at com.vtiger.objectRepository.CreateContactPage.ContactValid(CreateContactPage.java:41)
at com.vtiger.objectRepository.CreateContactPage.ContactValid(CreateContactPage.java:41)
at com.vtiger.objectRepository.CreateContactPage.ContactValid(CreateContactPage.java:41)
at com.vtiger.objectRepository.CreateContactPage.ContactValid(CreateContactPage.java:41)
at com.vtiger.objectRepository.CreateContactPage.ContactValid(CreateContactPage.java:41)
at com.vtiger.objectRepository.CreateContactPage.ContactValid(CreateContactPage.java:41)
at com.vtiger.objectRepository.CreateContactPage.ContactValid(CreateContactPage.java:41)
at com.vtiger.objectRepository.CreateContactPage.ContactValid(CreateContactPage.java:41)
at com.vtiger.objectRepository.CreateContactPage.ContactValid(CreateContactPage.java:41)
at com.vtiger.objectRepository.CreateContactPage.ContactValid(CreateContactPage.java:41)
at com.vtiger.objectRepository.CreateContactPage.ContactValid(CreateContactPage.java:41)
at com.vtiger.objectRepository.CreateContactPage.ContactValid(CreateContactPage.java:41)
at com.vtiger.objectRepository.CreateContactPage.ContactValid(CreateContactPage.java:41)
at com.vtiger.objectRepository.CreateContactPage.ContactValid(CreateContactPage.java:41)
at com.vtiger.objectRepository.CreateContactPage.ContactValid(CreateContactPage.java:41)
at com.vtiger.objectRepository.CreateContactPage.ContactValid(CreateContactPage.java:41)
at com.vtiger.objectRepository.CreateContactPage.ContactValid(CreateContactPage.java:41)
at com.vtiger.objectRepository.CreateContactPage.ContactValid(CreateContactPage.java:41)
at com.vtiger.objectRepository.CreateContactPage.ContactValid(CreateContactPage.java:41)
at com.vtiger.objectRepository.CreateContactPage.ContactValid(CreateContactPage.java:41)
at com.vtiger.objectRepository.CreateContactPage.ContactValid(CreateContactPage.java:41)
at com.vtiger.objectRepository.CreateContactPage.ContactValid(CreateContactPage.java:41)
at com.vtiger.objectRepository.CreateContactPage.ContactValid(CreateContactPage.java:41)
at com.vtiger.objectRepository.CreateContactPage.ContactValid(CreateContactPage.java:41)
at com.vtiger.objectRepository.CreateContactPage.ContactValid(CreateContactPage.java:41)
at com.vtiger.objectRepository.CreateContactPage.ContactValid(CreateContactPage.java:41)
at com.vtiger.objectRepository.CreateContactPage.ContactValid(CreateContactPage.java:41)
at com.vtiger.objectRepository.CreateContactPage.ContactValid(CreateContactPage.java:41)
at com.vtiger.objectRepository.CreateContactPage.ContactValid(CreateContactPage.java:41)
at com.vtiger.objectRepository.CreateContactPage.ContactValid(CreateContactPage.java:41)
at com.vtiger.objectRepository.CreateContactPage.ContactValid(CreateContactPage.java:41)
at com.vtiger.objectRepository.CreateContactPage.ContactValid(CreateContactPage.java:41)
at com.vtiger.objectRepository.CreateContactPage.ContactValid(CreateContactPage.java:41)
at com.vtiger.objectRepository.CreateContactPage.ContactValid(CreateContactPage.java:41)
at com.vtiger.objectRepository.CreateContactPage.ContactValid(CreateContactPage.java:41)
at com.vtiger.objectRepository.CreateContactPage.ContactValid(CreateContactPage.java:41)
at com.vtiger.objectRepository.CreateContactPage.ContactValid(CreateContactPage.java:41)
at com.vtiger.objectRepository.CreateContactPage.ContactValid(CreateContactPage.java:41)
at com.vtiger.objectRepository.CreateContactPage.ContactValid(CreateContactPage.java:41)
at com.vtiger.objectRepository.CreateContactPage.ContactValid(CreateContactPage.java:41)
at com.vtiger.objectRepository.CreateContactPage.ContactValid(CreateContactPage.java:41)
at com.vtiger.objectRepository.CreateContactPage.ContactValid(CreateContactPage.java:41)
at com.vtiger.objectRepository.CreateContactPage.ContactValid(CreateContactPage.java:41)
at com.vtiger.objectRepository.CreateContactPage.ContactValid(CreateContactPage.java:41)
at com.vtiger.objectRepository.CreateContactPage.ContactValid(CreateContactPage.java:41)
at com.vtiger.objectRepository.CreateContactPage.ContactValid(CreateContactPage.java:41)
at com.vtiger.objectRepository.CreateContactPage.ContactValid(CreateContactPage.java:41)
at com.vtiger.objectRepository.CreateContactPage.ContactValid(CreateContactPage.java:41)
at com.vtiger.objectRepository.CreateContactPage.ContactValid(CreateContactPage.java:41)
at com.vtiger.objectRepository.CreateContactPage.ContactValid(CreateContactPage.java:41)
at com.vtiger.objectRepository.CreateContactPage.ContactValid(CreateContactPage.java:41)
at com.vtiger.objectRepository.CreateContactPage.ContactValid(CreateContactPage.java:41)
at com.vtiger.objectRepository.CreateContactPage.ContactValid(CreateContactPage.java:41)
at com.vtiger.objectRepository.CreateContactPage.ContactValid(CreateContactPage.java:41)
at com.vtiger.objectRepository.CreateContactPage.ContactValid(CreateContactPage.java:41)
at com.vtiger.objectRepository.CreateContactPage.ContactValid(CreateContactPage.java:41)
at com.vtiger.objectRepository.CreateContactPage.ContactValid(CreateContactPage.java:41)
at com.vtiger.objectRepository.CreateContactPage.ContactValid(CreateContactPage.java:41)
at com.vtiger.objectRepository.CreateContactPage.ContactValid(CreateContactPage.java:41)
at com.vtiger.objectRepository.CreateContactPage.ContactValid(CreateContactPage.java:41)
at com.vtiger.objectRepository.CreateContactPage.ContactValid(CreateContactPage.java:41)
at com.vtiger.objectRepository.CreateContactPage.ContactValid(CreateContactPage.java:41)
at com.vtiger.objectRepository.CreateContactPage.ContactValid(CreateContactPage.java:41)
at com.vtiger.objectRepository.CreateContactPage.ContactValid(CreateContactPage.java:41)
at com.vtiger.objectRepository.CreateContactPage.ContactValid(CreateContactPage.java:41)
at com.vtiger.objectRepository.CreateContactPage.ContactValid(CreateContactPage.java:41)
at com.vtiger.objectRepository.CreateContactPage.ContactValid(CreateContactPage.java:41)
at com.vtiger.objectRepository.CreateContactPage.ContactValid(CreateContactPage.java:41)
at com.vtiger.objectRepository.CreateContactPage.ContactValid(CreateContactPage.java:41)
at com.vtiger.objectRepository.CreateContactPage.ContactValid(CreateContactPage.java:41)
at com.vtiger.objectRepository.CreateContactPage.ContactValid(CreateContactPage.java:41)
at com.vtiger.objectRepository.CreateContactPage.ContactValid(CreateContactPage.java:41)
at com.vtiger.objectRepository.CreateContactPage.ContactValid(CreateContactPage.java:41)
at com.vtiger.objectRepository.CreateContactPage.ContactValid(CreateContactPage.java:41)
at com.vtiger.objectRepository.CreateContactPage.ContactValid(CreateContactPage.java:41)
at com.vtiger.objectRepository.CreateContactPage.ContactValid(CreateContactPage.java:41)
at com.vtiger.objectRepository.CreateContactPage.ContactValid(CreateContactPage.java:41)
at com.vtiger.objectRepository.CreateContactPage.ContactValid(CreateContactPage.java:41)
at com.vtiger.objectRepository.CreateContactPage.ContactValid(CreateContactPage.java:41)
at com.vtiger.objectRepository.CreateContactPage.ContactValid(CreateContactPage.java:41)
at com.vtiger.objectRepository.CreateContactPage.ContactValid(CreateContactPage.java:41)
at com.vtiger.objectRepository.CreateContactPage.ContactValid(CreateContactPage.java:41)
at com.vtiger.objectRepository.CreateContactPage.ContactValid(CreateContactPage.java:41)
at com.vtiger.objectRepository.CreateContactPage.ContactValid(CreateContactPage.java:41)
at com.vtiger.objectRepository.CreateContactPage.ContactValid(CreateContactPage.java:41)
at com.vtiger.objectRepository.CreateContactPage.ContactValid(CreateContactPage.java:41)
at com.vtiger.objectRepository.CreateContactPage.ContactValid(CreateContactPage.java:41)
at com.vtiger.objectRepository.CreateContactPage.ContactValid(CreateContactPage.java:41)
at com.vtiger.objectRepository.CreateContactPage.ContactValid(CreateContactPage.java:41)
at com.vtiger.objectRepository.CreateContactPage.ContactValid(CreateContactPage.java:41)
at com.vtiger.objectRepository.CreateContactPage.ContactValid(CreateContactPage.java:41)
at com.vtiger.objectRepository.CreateContactPage.ContactValid(CreateContactPage.java:41)
at com.vtiger.objectRepository.CreateContactPage.ContactValid(CreateContactPage.java:41)
at com.vtiger.objectRepository.CreateContactPage.ContactValid(CreateContactPage.java:41)
at com.vtiger.objectRepository.CreateContactPage.ContactValid(CreateContactPage.java:41)
at com.vtiger.objectRepository.CreateContactPage.ContactValid(CreateContactPage.java:41)
at com.vtiger.objectRepository.CreateContactPage.ContactValid(CreateContactPage.java:41)
at com.vtiger.objectRepository.CreateContactPage.ContactValid(CreateContactPage.java:41)
at com.vtiger.objectRepository.CreateContactPage.ContactValid(CreateContactPage.java:41)
at com.vtiger.objectRepository.CreateContactPage.ContactValid(CreateContactPage.java:41)
at com.vtiger.objectRepository.CreateContactPage.ContactValid(CreateContactPage.java:41)
at com.vtiger.objectRepository.CreateContactPage.ContactValid(CreateContactPage.java:41)
at com.vtiger.objectRepository.CreateContactPage.ContactValid(CreateContactPage.java:41)
at com.vtiger.objectRepository.CreateContactPage.ContactValid(CreateContactPage.java:41)
at com.vtiger.objectRepository.CreateContactPage.ContactValid(CreateContactPage.java:41)
at com.vtiger.objectRepository.CreateContactPage.ContactValid(CreateContactPage.java:41)
at com.vtiger.objectRepository.CreateContactPage.ContactValid(CreateContactPage.java:41)
at com.vtiger.objectRepository.CreateContactPage.ContactValid(CreateContactPage.java:41)
at com.vtiger.objectRepository.CreateContactPage.ContactValid(CreateContactPage.java:41)
at com.vtiger.objectRepository.CreateContactPage.ContactValid(CreateContactPage.java:41)
at com.vtiger.objectRepository.CreateContactPage.ContactValid(CreateContactPage.java:41)
at com.vtiger.objectRepository.CreateContactPage.ContactValid(CreateContactPage.java:41)
at com.vtiger.objectRepository.CreateContactPage.ContactValid(CreateContactPage.java:41)
at com.vtiger.objectRepository.CreateContactPage.ContactValid(CreateContactPage.java:41)
at com.vtiger.objectRepository.CreateContactPage.ContactValid(CreateContactPage.java:41)
at com.vtiger.objectRepository.CreateContactPage.ContactValid(CreateContactPage.java:41)
at com.vtiger.objectRepository.CreateContactPage.ContactValid(CreateContactPage.java:41)
at com.vtiger.objectRepository.CreateContactPage.ContactValid(CreateContactPage.java:41)
at com.vtiger.objectRepository.CreateContactPage.ContactValid(CreateContactPage.java:41)
at com.vtiger.objectRepository.CreateContactPage.ContactValid(CreateContactPage.java:41)
at com.vtiger.objectRepository.CreateContactPage.ContactValid(CreateContactPage.java:41)
at com.vtiger.objectRepository.CreateContactPage.ContactValid(CreateContactPage.java:41)
at com.vtiger.objectRepository.CreateContactPage.ContactValid(CreateContactPage.java:41)
at com.vtiger.objectRepository.CreateContactPage.ContactValid(CreateContactPage.java:41)
at com.vtiger.objectRepository.CreateContactPage.ContactValid(CreateContactPage.java:41)
at com.vtiger.objectRepository.CreateContactPage.ContactValid(CreateContactPage.java:41)
at com.vtiger.objectRepository.CreateContactPage.ContactValid(CreateContactPage.java:41)
at com.vtiger.objectRepository.CreateContactPage.ContactValid(CreateContactPage.java:41)
at com.vtiger.objectRepository.CreateContactPage.ContactValid(CreateContactPage.java:41)
at com.vtiger.objectRepository.CreateContactPage.ContactValid(CreateContactPage.java:41)
at com.vtiger.objectRepository.CreateContactPage.ContactValid(CreateContactPage.java:41)
at com.vtiger.objectRepository.CreateContactPage.ContactValid(CreateContactPage.java:41)
at com.vtiger.objectRepository.CreateContactPage.ContactValid(CreateContactPage.java:41)
at com.vtiger.objectRepository.CreateContactPage.ContactValid(CreateContactPage.java:41)
at com.vtiger.objectRepository.CreateContactPage.ContactValid(CreateContactPage.java:41)
at com.vtiger.objectRepository.CreateContactPage.ContactValid(CreateContactPage.java:41)
at com.vtiger.objectRepository.CreateContactPage.ContactValid(CreateContactPage.java:41)
at com.vtiger.objectRepository.CreateContactPage.ContactValid(CreateContactPage.java:41)
at com.vtiger.objectRepository.CreateContactPage.ContactValid(CreateContactPage.java:41)
at com.vtiger.objectRepository.CreateContactPage.ContactValid(CreateContactPage.java:41)
at com.vtiger.objectRepository.CreateContactPage.ContactValid(CreateContactPage.java:41)
at com.vtiger.objectRepository.CreateContactPage.ContactValid(CreateContactPage.java:41)
at com.vtiger.objectRepository.CreateContactPage.ContactValid(CreateContactPage.java:41)
at com.vtiger.objectRepository.CreateContactPage.ContactValid(CreateContactPage.java:41)
at com.vtiger.objectRepository.CreateContactPage.ContactValid(CreateContactPage.java:41)
at com.vtiger.objectRepository.CreateContactPage.ContactValid(CreateContactPage.java:41)
at com.vtiger.objectRepository.CreateContactPage.ContactValid(CreateContactPage.java:41)
at com.vtiger.objectRepository.CreateContactPage.ContactValid(CreateContactPage.java:41)
at com.vtiger.objectRepository.CreateContactPage.ContactValid(CreateContactPage.java:41)
at com.vtiger.objectRepository.CreateContactPage.ContactValid(CreateContactPage.java:41)
at com.vtiger.objectRepository.CreateContactPage.ContactValid(CreateContactPage.java:41)
at com.vtiger.objectRepository.CreateContactPage.ContactValid(CreateContactPage.java:41)
at com.vtiger.objectRepository.CreateContactPage.ContactValid(CreateContactPage.java:41)
at com.vtiger.objectRepository.CreateContactPage.ContactValid(CreateContactPage.java:41)
at com.vtiger.objectRepository.CreateContactPage.ContactValid(CreateContactPage.java:41)
at com.vtiger.objectRepository.CreateContactPage.ContactValid(CreateContactPage.java:41)
at com.vtiger.objectRepository.CreateContactPage.ContactValid(CreateContactPage.java:41)
at com.vtiger.objectRepository.CreateContactPage.ContactValid(CreateContactPage.java:41)
at com.vtiger.objectRepository.CreateContactPage.ContactValid(CreateContactPage.java:41)
at com.vtiger.objectRepository.CreateContactPage.ContactValid(CreateContactPage.java:41)
at com.vtiger.objectRepository.CreateContactPage.ContactValid(CreateContactPage.java:41)
at com.vtiger.objectRepository.CreateContactPage.ContactValid(CreateContactPage.java:41)
at com.vtiger.objectRepository.CreateContactPage.ContactValid(CreateContactPage.java:41)
at com.vtiger.objectRepository.CreateContactPage.ContactValid(CreateContactPage.java:41)
at com.vtiger.objectRepository.CreateContactPage.ContactValid(CreateContactPage.java:41)
at com.vtiger.objectRepository.CreateContactPage.ContactValid(CreateContactPage.java:41)
at com.vtiger.objectRepository.CreateContactPage.ContactValid(CreateContactPage.java:41)
at com.vtiger.objectRepository.CreateContactPage.ContactValid(CreateContactPage.java:41)
at com.vtiger.objectRepository.CreateContactPage.ContactValid(CreateContactPage.java:41)
at com.vtiger.objectRepository.CreateContactPage.ContactValid(CreateContactPage.java:41)
at com.vtiger.objectRepository.CreateContactPage.ContactValid(CreateContactPage.java:41)
at com.vtiger.objectRepository.CreateContactPage.ContactValid(CreateContactPage.java:41)
at com.vtiger.objectRepository.CreateContactPage.ContactValid(CreateContactPage.java:41)
at com.vtiger.objectRepository.CreateContactPage.ContactValid(CreateContactPage.java:41)
at com.vtiger.objectRepository.CreateContactPage.ContactValid(CreateContactPage.java:41)
at com.vtiger.objectRepository.CreateContactPage.ContactValid(CreateContactPage.java:41)
at com.vtiger.objectRepository.CreateContactPage.ContactValid(CreateContactPage.java:41)
at com.vtiger.objectRepository.CreateContactPage.ContactValid(CreateContactPage.java:41)
at com.vtiger.objectRepository.CreateContactPage.ContactValid(CreateContactPage.java:41)
at com.vtiger.objectRepository.CreateContactPage.ContactValid(CreateContactPage.java:41)
at com.vtiger.objectRepository.CreateContactPage.ContactValid(CreateContactPage.java:41)
at com.vtiger.objectRepository.CreateContactPage.ContactValid(CreateContactPage.java:41)
at com.vtiger.objectRepository.CreateContactPage.ContactValid(CreateContactPage.java:41)
at com.vtiger.objectRepository.CreateContactPage.ContactValid(CreateContactPage.java:41)
at com.vtiger.objectRepository.CreateContactPage.ContactValid(CreateContactPage.java:41)
at com.vtiger.objectRepository.CreateContactPage.ContactValid(CreateContactPage.java:41)
at com.vtiger.objectRepository.CreateContactPage.ContactValid(CreateContactPage.java:41)
at com.vtiger.objectRepository.CreateContactPage.ContactValid(CreateContactPage.java:41)
at com.vtiger.objectRepository.CreateContactPage.ContactValid(CreateContactPage.java:41)
at com.vtiger.objectRepository.CreateContactPage.ContactValid(CreateContactPage.java:41)
at com.vtiger.objectRepository.CreateContactPage.ContactValid(CreateContactPage.java:41)
at com.vtiger.objectRepository.CreateContactPage.ContactValid(CreateContactPage.java:41)
at com.vtiger.objectRepository.CreateContactPage.ContactValid(CreateContactPage.java:41)
at com.vtiger.objectRepository.CreateContactPage.ContactValid(CreateContactPage.java:41)
at com.vtiger.objectRepository.CreateContactPage.ContactValid(CreateContactPage.java:41)
at com.vtiger.objectRepository.CreateContactPage.ContactValid(CreateContactPage.java:41)
at com.vtiger.objectRepository.CreateContactPage.ContactValid(CreateContactPage.java:41)
at com.vtiger.objectRepository.CreateContactPage.ContactValid(CreateContactPage.java:41)
at com.vtiger.objectRepository.CreateContactPage.ContactValid(CreateContactPage.java:41)
at com.vtiger.objectRepository.CreateContactPage.ContactValid(CreateContactPage.java:41)
at com.vtiger.objectRepository.CreateContactPage.ContactValid(CreateContactPage.java:41)
at com.vtiger.objectRepository.CreateContactPage.ContactValid(CreateContactPage.java:41)
at com.vtiger.objectRepository.CreateContactPage.ContactValid(CreateContactPage.java:41)
at com.vtiger.objectRepository.CreateContactPage.ContactValid(CreateContactPage.java:41)
at com.vtiger.objectRepository.CreateContactPage.ContactValid(CreateContactPage.java:41)
at com.vtiger.objectRepository.CreateContactPage.ContactValid(CreateContactPage.java:41)
at com.vtiger.objectRepository.CreateContactPage.ContactValid(CreateContactPage.java:41)
at com.vtiger.objectRepository.CreateContactPage.ContactValid(CreateContactPage.java:41)
at com.vtiger.objectRepository.CreateContactPage.ContactValid(CreateContactPage.java:41)
at com.vtiger.objectRepository.CreateContactPage.ContactValid(CreateContactPage.java:41)
at com.vtiger.objectRepository.CreateContactPage.ContactValid(CreateContactPage.java:41)
at com.vtiger.objectRepository.CreateContactPage.ContactValid(CreateContactPage.java:41)
at com.vtiger.objectRepository.CreateContactPage.ContactValid(CreateContactPage.java:41)
at com.vtiger.objectRepository.CreateContactPage.ContactValid(CreateContactPage.java:41)
at com.vtiger.objectRepository.CreateContactPage.ContactValid(CreateContactPage.java:41)
at com.vtiger.objectRepository.CreateContactPage.ContactValid(CreateContactPage.java:41)
at com.vtiger.objectRepository.CreateContactPage.ContactValid(CreateContactPage.java:41)
at com.vtiger.objectRepository.CreateContactPage.ContactValid(CreateContactPage.java:41)
at com.vtiger.objectRepository.CreateContactPage.ContactValid(CreateContactPage.java:41)
at com.vtiger.objectRepository.CreateContactPage.ContactValid(CreateContactPage.java:41)
at com.vtiger.objectRepository.CreateContactPage.ContactValid(CreateContactPage.java:41)
at com.vtiger.objectRepository.CreateContactPage.ContactValid(CreateContactPage.java:41)
at com.vtiger.objectRepository.CreateContactPage.ContactValid(CreateContactPage.java:41)
at com.vtiger.objectRepository.CreateContactPage.ContactValid(CreateContactPage.java:41)
at com.vtiger.objectRepository.CreateContactPage.ContactValid(CreateContactPage.java:41)
at com.vtiger.objectRepository.CreateContactPage.ContactValid(CreateContactPage.java:41)
at com.vtiger.objectRepository.CreateContactPage.ContactValid(CreateContactPage.java:41)
at com.vtiger.objectRepository.CreateContactPage.ContactValid(CreateContactPage.java:41)
at com.vtiger.objectRepository.CreateContactPage.ContactValid(CreateContactPage.java:41)
at com.vtiger.objectRepository.CreateContactPage.ContactValid(CreateContactPage.java:41)
at com.vtiger.objectRepository.CreateContactPage.ContactValid(CreateContactPage.java:41)
at com.vtiger.objectRepository.CreateContactPage.ContactValid(CreateContactPage.java:41)
at com.vtiger.objectRepository.CreateContactPage.ContactValid(CreateContactPage.java:41)
at com.vtiger.objectRepository.CreateContactPage.ContactValid(CreateContactPage.java:41)
at com.vtiger.objectRepository.CreateContactPage.ContactValid(CreateContactPage.java:41)
at com.vtiger.objectRepository.CreateContactPage.ContactValid(CreateContactPage.java:41)
at com.vtiger.objectRepository.CreateContactPage.ContactValid(CreateContactPage.java:41)
at com.vtiger.objectRepository.CreateContactPage.ContactValid(CreateContactPage.java:41)
at com.vtiger.objectRepository.CreateContactPage.ContactValid(CreateContactPage.java:41)
at com.vtiger.objectRepository.CreateContactPage.ContactValid(CreateContactPage.java:41)
at com.vtiger.objectRepository.CreateContactPage.ContactValid(CreateContactPage.java:41)
at com.vtiger.objectRepository.CreateContactPage.ContactValid(CreateContactPage.java:41)
at com.vtiger.objectRepository.CreateContactPage.ContactValid(CreateContactPage.java:41)
at com.vtiger.objectRepository.CreateContactPage.ContactValid(CreateContactPage.java:41)
at com.vtiger.objectRepository.CreateContactPage.ContactValid(CreateContactPage.java:41)
at com.vtiger.objectRepository.CreateContactPage.ContactValid(CreateContactPage.java:41)
at com.vtiger.objectRepository.CreateContactPage.ContactValid(CreateContactPage.java:41)
at com.vtiger.objectRepository.CreateContactPage.ContactValid(CreateContactPage.java:41)
at com.vtiger.objectRepository.CreateContactPage.ContactValid(CreateContactPage.java:41)
at com.vtiger.objectRepository.CreateContactPage.ContactValid(CreateContactPage.java:41)
at com.vtiger.objectRepository.CreateContactPage.ContactValid(CreateContactPage.java:41)
at com.vtiger.objectRepository.CreateContactPage.ContactValid(CreateContactPage.java:41)
at com.vtiger.objectRepository.CreateContactPage.ContactValid(CreateContactPage.java:41)
at com.vtiger.objectRepository.CreateContactPage.ContactValid(CreateContactPage.java:41)
at com.vtiger.objectRepository.CreateContactPage.ContactValid(CreateContactPage.java:41)
at com.vtiger.objectRepository.CreateContactPage.ContactValid(CreateContactPage.java:41)
at com.vtiger.objectRepository.CreateContactPage.ContactValid(CreateContactPage.java:41)
at com.vtiger.objectRepository.CreateContactPage.ContactValid(CreateContactPage.java:41)
at com.vtiger.objectRepository.CreateContactPage.ContactValid(CreateContactPage.java:41)
at com.vtiger.objectRepository.CreateContactPage.ContactValid(CreateContactPage.java:41)
at com.vtiger.objectRepository.CreateContactPage.ContactValid(CreateContactPage.java:41)
at com.vtiger.objectRepository.CreateContactPage.ContactValid(CreateContactPage.java:41)
at com.vtiger.objectRepository.CreateContactPage.ContactValid(CreateContactPage.java:41)
at com.vtiger.objectRepository.CreateContactPage.ContactValid(CreateContactPage.java:41)
at com.vtiger.objectRepository.CreateContactPage.ContactValid(CreateContactPage.java:41)
at com.vtiger.objectRepository.CreateContactPage.ContactValid(CreateContactPage.java:41)
at com.vtiger.objectRepository.CreateContactPage.ContactValid(CreateContactPage.java:41)
at com.vtiger.objectRepository.CreateContactPage.ContactValid(CreateContactPage.java:41)
at com.vtiger.objectRepository.CreateContactPage.ContactValid(CreateContactPage.java:41)
at com.vtiger.objectRepository.CreateContactPage.ContactValid(CreateContactPage.java:41)
at com.vtiger.objectRepository.CreateContactPage.ContactValid(CreateContactPage.java:41)
at com.vtiger.objectRepository.CreateContactPage.ContactValid(CreateContactPage.java:41)
at com.vtiger.objectRepository.CreateContactPage.ContactValid(CreateContactPage.java:41)
at com.vtiger.objectRepository.CreateContactPage.ContactValid(CreateContactPage.java:41)
at com.vtiger.objectRepository.CreateContactPage.ContactValid(CreateContactPage.java:41)
at com.vtiger.objectRepository.CreateContactPage.ContactValid(CreateContactPage.java:41)
at com.vtiger.objectRepository.CreateContactPage.ContactValid(CreateContactPage.java:41)
at com.vtiger.objectRepository.CreateContactPage.ContactValid(CreateContactPage.java:41)
at com.vtiger.objectRepository.CreateContactPage.ContactValid(CreateContactPage.java:41)
at com.vtiger.objectRepository.CreateContactPage.ContactValid(CreateContactPage.java:41)
at com.vtiger.objectRepository.CreateContactPage.ContactValid(CreateContactPage.java:41)
at com.vtiger.objectRepository.CreateContactPage.ContactValid(CreateContactPage.java:41)
at com.vtiger.objectRepository.CreateContactPage.ContactValid(CreateContactPage.java:41)
at com.vtiger.objectRepository.CreateContactPage.ContactValid(CreateContactPage.java:41)
at com.vtiger.objectRepository.CreateContactPage.ContactValid(CreateContactPage.java:41)
at com.vtiger.objectRepository.CreateContactPage.ContactValid(CreateContactPage.java:41)
at com.vtiger.objectRepository.CreateContactPage.ContactValid(CreateContactPage.java:41)
at com.vtiger.objectRepository.CreateContactPage.ContactValid(CreateContactPage.java:41)
at com.vtiger.objectRepository.CreateContactPage.ContactValid(CreateContactPage.java:41)
at com.vtiger.objectRepository.CreateContactPage.ContactValid(CreateContactPage.java:41)
at com.vtiger.objectRepository.CreateContactPage.ContactValid(CreateContactPage.java:41)
at com.vtiger.objectRepository.CreateContactPage.ContactValid(CreateContactPage.java:41)
at com.vtiger.objectRepository.CreateContactPage.ContactValid(CreateContactPage.java:41)
at com.vtiger.objectRepository.CreateContactPage.ContactValid(CreateContactPage.java:41)
at com.vtiger.objectRepository.CreateContactPage.ContactValid(CreateContactPage.java:41)
at com.vtiger.objectRepository.CreateContactPage.ContactValid(CreateContactPage.java:41)
at com.vtiger.objectRepository.CreateContactPage.ContactValid(CreateContactPage.java:41)
at com.vtiger.objectRepository.CreateContactPage.ContactValid(CreateContactPage.java:41)
at com.vtiger.objectRepository.CreateContactPage.ContactValid(CreateContactPage.java:41)
at com.vtiger.objectRepository.CreateContactPage.ContactValid(CreateContactPage.java:41)
at com.vtiger.objectRepository.CreateContactPage.ContactValid(CreateContactPage.java:41)
at com.vtiger.objectRepository.CreateContactPage.ContactValid(CreateContactPage.java:41)
at com.vtiger.objectRepository.CreateContactPage.ContactValid(CreateContactPage.java:41)
at com.vtiger.objectRepository.CreateContactPage.ContactValid(CreateContactPage.java:41)
at com.vtiger.objectRepository.CreateContactPage.ContactValid(CreateContactPage.java:41)
at com.vtiger.objectRepository.CreateContactPage.ContactValid(CreateContactPage.java:41)
at com.vtiger.objectRepository.CreateContactPage.ContactValid(CreateContactPage.java:41)
at com.vtiger.objectRepository.CreateContactPage.ContactValid(CreateContactPage.java:41)
at com.vtiger.objectRepository.CreateContactPage.ContactValid(CreateContactPage.java:41)
at com.vtiger.objectRepository.CreateContactPage.ContactValid(CreateContactPage.java:41)
at com.vtiger.objectRepository.CreateContactPage.ContactValid(CreateContactPage.java:41)
at com.vtiger.objectRepository.CreateContactPage.ContactValid(CreateContactPage.java:41)
at com.vtiger.objectRepository.CreateContactPage.ContactValid(CreateContactPage.java:41)
at com.vtiger.objectRepository.CreateContactPage.ContactValid(CreateContactPage.java:41)
at com.vtiger.objectRepository.CreateContactPage.ContactValid(CreateContactPage.java:41)
at com.vtiger.objectRepository.CreateContactPage.ContactValid(CreateContactPage.java:41)
at com.vtiger.objectRepository.CreateContactPage.ContactValid(CreateContactPage.java:41)
at com.vtiger.objectRepository.CreateContactPage.ContactValid(CreateContactPage.java:41)
at com.vtiger.objectRepository.CreateContactPage.ContactValid(CreateContactPage.java:41)
at com.vtiger.objectRepository.CreateContactPage.ContactValid(CreateContactPage.java:41)
at com.vtiger.objectRepository.CreateContactPage.ContactValid(CreateContactPage.java:41)
at com.vtiger.objectRepository.CreateContactPage.ContactValid(CreateContactPage.java:41)
at com.vtiger.objectRepository.CreateContactPage.ContactValid(CreateContactPage.java:41)
at com.vtiger.objectRepository.CreateContactPage.ContactValid(CreateContactPage.java:41)
at com.vtiger.objectRepository.CreateContactPage.ContactValid(CreateContactPage.java:41)
at com.vtiger.objectRepository.CreateContactPage.ContactValid(CreateContactPage.java:41)
at com.vtiger.objectRepository.CreateContactPage.ContactValid(CreateContactPage.java:41)
at com.vtiger.objectRepository.CreateContactPage.ContactValid(CreateContactPage.java:41)
at com.vtiger.objectRepository.CreateContactPage.ContactValid(CreateContactPage.java:41)
at com.vtiger.objectRepository.CreateContactPage.ContactValid(CreateContactPage.java:41)
at com.vtiger.objectRepository.CreateContactPage.ContactValid(CreateContactPage.java:41)
at com.vtiger.objectRepository.CreateContactPage.ContactValid(CreateContactPage.java:41)
at com.vtiger.objectRepository.CreateContactPage.ContactValid(CreateContactPage.java:41)
at com.vtiger.objectRepository.CreateContactPage.ContactValid(CreateContactPage.java:41)
at com.vtiger.objectRepository.CreateContactPage.ContactValid(CreateContactPage.java:41)
at com.vtiger.objectRepository.CreateContactPage.ContactValid(CreateContactPage.java:41)
at com.vtiger.objectRepository.CreateContactPage.ContactValid(CreateContactPage.java:41)
at com.vtiger.objectRepository.CreateContactPage.ContactValid(CreateContactPage.java:41)
at com.vtiger.objectRepository.CreateContactPage.ContactValid(CreateContactPage.java:41)
at com.vtiger.objectRepository.CreateContactPage.ContactValid(CreateContactPage.java:41)
at com.vtiger.objectRepository.CreateContactPage.ContactValid(CreateContactPage.java:41)
at com.vtiger.objectRepository.CreateContactPage.ContactValid(CreateContactPage.java:41)
at com.vtiger.objectRepository.CreateContactPage.ContactValid(CreateContactPage.java:41)
at com.vtiger.objectRepository.CreateContactPage.ContactValid(CreateContactPage.java:41)
at com.vtiger.objectRepository.CreateContactPage.ContactValid(CreateContactPage.java:41)
at com.vtiger.objectRepository.CreateContactPage.ContactValid(CreateContactPage.java:41)
at com.vtiger.objectRepository.CreateContactPage.ContactValid(CreateContactPage.java:41)
at com.vtiger.objectRepository.CreateContactPage.ContactValid(CreateContactPage.java:41)
at com.vtiger.objectRepository.CreateContactPage.ContactValid(CreateContactPage.java:41)
at com.vtiger.objectRepository.CreateContactPage.ContactValid(CreateContactPage.java:41)
at com.vtiger.objectRepository.CreateContactPage.ContactValid(CreateContactPage.java:41)
at com.vtiger.objectRepository.CreateContactPage.ContactValid(CreateContactPage.java:41)
at com.vtiger.objectRepository.CreateContactPage.ContactValid(CreateContactPage.java:41)
at com.vtiger.objectRepository.CreateContactPage.ContactValid(CreateContactPage.java:41)
at com.vtiger.objectRepository.CreateContactPage.ContactValid(CreateContactPage.java:41)
at com.vtiger.objectRepository.CreateContactPage.ContactValid(CreateContactPage.java:41)
at com.vtiger.objectRepository.CreateContactPage.ContactValid(CreateContactPage.java:41)
at com.vtiger.objectRepository.CreateContactPage.ContactValid(CreateContactPage.java:41)
at com.vtiger.objectRepository.CreateContactPage.ContactValid(CreateContactPage.java:41)
at com.vtiger.objectRepository.CreateContactPage.ContactValid(CreateContactPage.java:41)
at com.vtiger.objectRepository.CreateContactPage.ContactValid(CreateContactPage.java:41)
at com.vtiger.objectRepository.CreateContactPage.ContactValid(CreateContactPage.java:41)
at com.vtiger.objectRepository.CreateContactPage.ContactValid(CreateContactPage.java:41)
at com.vtiger.objectRepository.CreateContactPage.ContactValid(CreateContactPage.java:41)
at com.vtiger.objectRepository.CreateContactPage.ContactValid(CreateContactPage.java:41)
at com.vtiger.objectRepository.CreateContactPage.ContactValid(CreateContactPage.java:41)
at com.vtiger.objectRepository.CreateContactPage.ContactValid(CreateContactPage.java:41)
at com.vtiger.objectRepository.CreateContactPage.ContactValid(CreateContactPage.java:41)
at com.vtiger.objectRepository.CreateContactPage.ContactValid(CreateContactPage.java:41)
at com.vtiger.objectRepository.CreateContactPage.ContactValid(CreateContactPage.java:41)
at com.vtiger.objectRepository.CreateContactPage.ContactValid(CreateContactPage.java:41)
at com.vtiger.objectRepository.CreateContactPage.ContactValid(CreateContactPage.java:41)
at com.vtiger.objectRepository.CreateContactPage.ContactValid(CreateContactPage.java:41)
at com.vtiger.objectRepository.CreateContactPage.ContactValid(CreateContactPage.java:41)
at com.vtiger.objectRepository.CreateContactPage.ContactValid(CreateContactPage.java:41)
at com.vtiger.objectRepository.CreateContactPage.ContactValid(CreateContactPage.java:41)
at com.vtiger.objectRepository.CreateContactPage.ContactValid(CreateContactPage.java:41)
at com.vtiger.objectRepository.CreateContactPage.ContactValid(CreateContactPage.java:41)
at com.vtiger.objectRepository.CreateContactPage.ContactValid(CreateContactPage.java:41)
at com.vtiger.objectRepository.CreateContactPage.ContactValid(CreateContactPage.java:41)
at com.vtiger.objectRepository.CreateContactPage.ContactValid(CreateContactPage.java:41)
at com.vtiger.objectRepository.CreateContactPage.ContactValid(CreateContactPage.java:41)
at com.vtiger.objectRepository.CreateContactPage.ContactValid(CreateContactPage.java:41)
at com.vtiger.objectRepository.CreateContactPage.ContactValid(CreateContactPage.java:41)
at com.vtiger.objectRepository.CreateContactPage.ContactValid(CreateContactPage.java:41)
at com.vtiger.objectRepository.CreateContactPage.ContactValid(CreateContactPage.java:41)
at com.vtiger.objectRepository.CreateContactPage.ContactValid(CreateContactPage.java:41)
at com.vtiger.objectRepository.CreateContactPage.ContactValid(CreateContactPage.java:41)
at com.vtiger.objectRepository.CreateContactPage.ContactValid(CreateContactPage.java:41)
at com.vtiger.objectRepository.CreateContactPage.ContactValid(CreateContactPage.java:41)
at com.vtiger.objectRepository.CreateContactPage.ContactValid(CreateContactPage.java:41)
at com.vtiger.objectRepository.CreateContactPage.ContactValid(CreateContactPage.java:41)
at com.vtiger.objectRepository.CreateContactPage.ContactValid(CreateContactPage.java:41)
at com.vtiger.objectRepository.CreateContactPage.ContactValid(CreateContactPage.java:41)
at com.vtiger.objectRepository.CreateContactPage.ContactValid(CreateContactPage.java:41)
at com.vtiger.objectRepository.CreateContactPage.ContactValid(CreateContactPage.java:41)
at com.vtiger.objectRepository.CreateContactPage.ContactValid(CreateContactPage.java:41)
at com.vtiger.objectRepository.CreateContactPage.ContactValid(CreateContactPage.java:41)
at com.vtiger.objectRepository.CreateContactPage.ContactValid(CreateContactPage.java:41)
at com.vtiger.objectRepository.CreateContactPage.ContactValid(CreateContactPage.java:41)
at com.vtiger.objectRepository.CreateContactPage.ContactValid(CreateContactPage.java:41)
at com.vtiger.objectRepository.CreateContactPage.ContactValid(CreateContactPage.java:41)
at com.vtiger.objectRepository.CreateContactPage.ContactValid(CreateContactPage.java:41)
at com.vtiger.objectRepository.CreateContactPage.ContactValid(CreateContactPage.java:41)
at com.vtiger.objectRepository.CreateContactPage.ContactValid(CreateContactPage.java:41)
at com.vtiger.objectRepository.CreateContactPage.ContactValid(CreateContactPage.java:41)
at com.vtiger.objectRepository.CreateContactPage.ContactValid(CreateContactPage.java:41)
at com.vtiger.objectRepository.CreateContactPage.ContactValid(CreateContactPage.java:41)
at com.vtiger.objectRepository.CreateContactPage.ContactValid(CreateContactPage.java:41)
at com.vtiger.objectRepository.CreateContactPage.ContactValid(CreateContactPage.java:41)
at com.vtiger.objectRepository.CreateContactPage.ContactValid(CreateContactPage.java:41)
at com.vtiger.objectRepository.CreateContactPage.ContactValid(CreateContactPage.java:41)
at com.vtiger.objectRepository.CreateContactPage.ContactValid(CreateContactPage.java:41)
at com.vtiger.objectRepository.CreateContactPage.ContactValid(CreateContactPage.java:41)
at com.vtiger.objectRepository.CreateContactPage.ContactValid(CreateContactPage.java:41)
at com.vtiger.objectRepository.CreateContactPage.ContactValid(CreateContactPage.java:41)
at com.vtiger.objectRepository.CreateContactPage.ContactValid(CreateContactPage.java:41)
at com.vtiger.objectRepository.CreateContactPage.ContactValid(CreateContactPage.java:41)
at com.vtiger.objectRepository.CreateContactPage.ContactValid(CreateContactPage.java:41)
at com.vtiger.objectRepository.CreateContactPage.ContactValid(CreateContactPage.java:41)
at com.vtiger.objectRepository.CreateContactPage.ContactValid(CreateContactPage.java:41)
at com.vtiger.objectRepository.CreateContactPage.ContactValid(CreateContactPage.java:41)
at com.vtiger.objectRepository.CreateContactPage.ContactValid(CreateContactPage.java:41)
at com.vtiger.objectRepository.CreateContactPage.ContactValid(CreateContactPage.java:41)
at com.vtiger.objectRepository.CreateContactPage.ContactValid(CreateContactPage.java:41)
at com.vtiger.objectRepository.CreateContactPage.ContactValid(CreateContactPage.java:41)
at com.vtiger.objectRepository.CreateContactPage.ContactValid(CreateContactPage.java:41)
at com.vtiger.objectRepository.CreateContactPage.ContactValid(CreateContactPage.java:41)
at com.vtiger.objectRepository.CreateContactPage.ContactValid(CreateContactPage.java:41)
at com.vtiger.objectRepository.CreateContactPage.ContactValid(CreateContactPage.java:41)
at com.vtiger.objectRepository.CreateContactPage.ContactValid(CreateContactPage.java:41)
at com.vtiger.objectRepository.CreateContactPage.ContactValid(CreateContactPage.java:41)
at com.vtiger.objectRepository.CreateContactPage.ContactValid(CreateContactPage.java:41)
at com.vtiger.objectRepository.CreateContactPage.ContactValid(CreateContactPage.java:41)
at com.vtiger.objectRepository.CreateContactPage.ContactValid(CreateContactPage.java:41)
at com.vtiger.objectRepository.CreateContactPage.ContactValid(CreateContactPage.java:41)
at com.vtiger.objectRepository.CreateContactPage.ContactValid(CreateContactPage.java:41)
at com.vtiger.objectRepository.CreateContactPage.ContactValid(CreateContactPage.java:41)
at com.vtiger.objectRepository.CreateContactPage.ContactValid(CreateContactPage.java:41)
at com.vtiger.objectRepository.CreateContactPage.ContactValid(CreateContactPage.java:41)
at com.vtiger.objectRepository.CreateContactPage.ContactValid(CreateContactPage.java:41)
at com.vtiger.objectRepository.CreateContactPage.ContactValid(CreateContactPage.java:41)
at com.vtiger.objectRepository.CreateContactPage.ContactValid(CreateContactPage.java:41)
at com.vtiger.objectRepository.CreateContactPage.ContactValid(CreateContactPage.java:41)
at com.vtiger.objectRepository.CreateContactPage.ContactValid(CreateContactPage.java:41)
at com.vtiger.objectRepository.CreateContactPage.ContactValid(CreateContactPage.java:41)
at com.vtiger.objectRepository.CreateContactPage.ContactValid(CreateContactPage.java:41)
at com.vtiger.objectRepository.CreateContactPage.ContactValid(CreateContactPage.java:41)
at com.vtiger.objectRepository.CreateContactPage.ContactValid(CreateContactPage.java:41)
at com.vtiger.objectRepository.CreateContactPage.ContactValid(CreateContactPage.java:41)
at com.vtiger.objectRepository.CreateContactPage.ContactValid(CreateContactPage.java:41)
at com.vtiger.objectRepository.CreateContactPage.ContactValid(CreateContactPage.java:41)
at com.vtiger.objectRepository.CreateContactPage.ContactValid(CreateContactPage.java:41)
at com.vtiger.objectRepository.CreateContactPage.ContactValid(CreateContactPage.java:41)
at com.vtiger.objectRepository.CreateContactPage.ContactValid(CreateContactPage.java:41)
at com.vtiger.objectRepository.CreateContactPage.ContactValid(CreateContactPage.java:41)
at com.vtiger.objectRepository.CreateContactPage.ContactValid(CreateContactPage.java:41)
at com.vtiger.objectRepository.CreateContactPage.ContactValid(CreateContactPage.java:41)
at com.vtiger.objectRepository.CreateContactPage.ContactValid(CreateContactPage.java:41)
at com.vtiger.objectRepository.CreateContactPage.ContactValid(CreateContactPage.java:41)
at com.vtiger.objectRepository.CreateContactPage.ContactValid(CreateContactPage.java:41)
at com.vtiger.objectRepository.CreateContactPage.ContactValid(CreateContactPage.java:41)
at com.vtiger.objectRepository.CreateContactPage.ContactValid(CreateContactPage.java:41)
at com.vtiger.objectRepository.CreateContactPage.ContactValid(CreateContactPage.java:41)
at com.vtiger.objectRepository.CreateContactPage.ContactValid(CreateContactPage.java:41)
at com.vtiger.objectRepository.CreateContactPage.ContactValid(CreateContactPage.java:41)
at com.vtiger.objectRepository.CreateContactPage.ContactValid(CreateContactPage.java:41)
at com.vtiger.objectRepository.CreateContactPage.ContactValid(CreateContactPage.java:41)
at com.vtiger.objectRepository.CreateContactPage.ContactValid(CreateContactPage.java:41)
at com.vtiger.objectRepository.CreateContactPage.ContactValid(CreateContactPage.java:41)
at com.vtiger.objectRepository.CreateContactPage.ContactValid(CreateContactPage.java:41)
at com.vtiger.objectRepository.CreateContactPage.ContactValid(CreateContactPage.java:41)
at com.vtiger.objectRepository.CreateContactPage.ContactValid(CreateContactPage.java:41)
at com.vtiger.objectRepository.CreateContactPage.ContactValid(CreateContactPage.java:41)
at com.vtiger.objectRepository.CreateContactPage.ContactValid(CreateContactPage.java:41)
at com.vtiger.objectRepository.CreateContactPage.ContactValid(CreateContactPage.java:41)
at com.vtiger.objectRepository.CreateContactPage.ContactValid(CreateContactPage.java:41)
at com.vtiger.objectRepository.CreateContactPage.ContactValid(CreateContactPage.java:41)
at com.vtiger.objectRepository.CreateContactPage.ContactValid(CreateContactPage.java:41)
at com.vtiger.objectRepository.CreateContactPage.ContactValid(CreateContactPage.java:41)
at com.vtiger.objectRepository.CreateContactPage.ContactValid(CreateContactPage.java:41)
at com.vtiger.objectRepository.CreateContactPage.ContactValid(CreateContactPage.java:41)
at com.vtiger.objectRepository.CreateContactPage.ContactValid(CreateContactPage.java:41)
at com.vtiger.objectRepository.CreateContactPage.ContactValid(CreateContactPage.java:41)
at com.vtiger.objectRepository.CreateContactPage.ContactValid(CreateContactPage.java:41)
at com.vtiger.objectRepository.CreateContactPage.ContactValid(CreateContactPage.java:41)
at com.vtiger.objectRepository.CreateContactPage.ContactValid(CreateContactPage.java:41)
at com.vtiger.objectRepository.CreateContactPage.ContactValid(CreateContactPage.java:41)
at com.vtiger.objectRepository.CreateContactPage.ContactValid(CreateContactPage.java:41)
at com.vtiger.objectRepository.CreateContactPage.ContactValid(CreateContactPage.java:41)
at com.vtiger.objectRepository.CreateContactPage.ContactValid(CreateContactPage.java:41)
at com.vtiger.objectRepository.CreateContactPage.ContactValid(CreateContactPage.java:41)
at com.vtiger.objectRepository.CreateContactPage.ContactValid(CreateContactPage.java:41)
at com.vtiger.objectRepository.CreateContactPage.ContactValid(CreateContactPage.java:41)
at com.vtiger.objectRepository.CreateContactPage.ContactValid(CreateContactPage.java:41)
at com.vtiger.objectRepository.CreateContactPage.ContactValid(CreateContactPage.java:41)
at com.vtiger.objectRepository.CreateContactPage.ContactValid(CreateContactPage.java:41)
at com.vtiger.objectRepository.CreateContactPage.ContactValid(CreateContactPage.java:41)
at com.vtiger.objectRepository.CreateContactPage.ContactValid(CreateContactPage.java:41)
at com.vtiger.objectRepository.CreateContactPage.ContactValid(CreateContactPage.java:41)
at com.vtiger.objectRepository.CreateContactPage.ContactValid(CreateContactPage.java:41)
at com.vtiger.objectRepository.CreateContactPage.ContactValid(CreateContactPage.java:41)
at com.vtiger.objectRepository.CreateContactPage.ContactValid(CreateContactPage.java:41)
at com.vtiger.objectRepository.CreateContactPage.ContactValid(CreateContactPage.java:41)
at com.vtiger.objectRepository.CreateContactPage.ContactValid(CreateContactPage.java:41)
at com.vtiger.objectRepository.CreateContactPage.ContactValid(CreateContactPage.java:41)
at com.vtiger.objectRepository.CreateContactPage.ContactValid(CreateContactPage.java:41)
at com.vtiger.objectRepository.CreateContactPage.ContactValid(CreateContactPage.java:41)
at com.vtiger.objectRepository.CreateContactPage.ContactValid(CreateContactPage.java:41)
at com.vtiger.objectRepository.CreateContactPage.ContactValid(CreateContactPage.java:41)
at com.vtiger.objectRepository.CreateContactPage.ContactValid(CreateContactPage.java:41)
at com.vtiger.objectRepository.CreateContactPage.ContactValid(CreateContactPage.java:41)
at com.vtiger.objectRepository.CreateContactPage.ContactValid(CreateContactPage.java:41)
at com.vtiger.objectRepository.CreateContactPage.ContactValid(CreateContactPage.java:41)
at com.vtiger.objectRepository.CreateContactPage.ContactValid(CreateContactPage.java:41)
at com.vtiger.objectRepository.CreateContactPage.ContactValid(CreateContactPage.java:41)
at com.vtiger.objectRepository.CreateContactPage.ContactValid(CreateContactPage.java:41)
at com.vtiger.objectRepository.CreateContactPage.ContactValid(CreateContactPage.java:41)
at com.vtiger.objectRepository.CreateContactPage.ContactValid(CreateContactPage.java:41)
at com.vtiger.objectRepository.CreateContactPage.ContactValid(CreateContactPage.java:41)
at com.vtiger.objectRepository.CreateContactPage.ContactValid(CreateContactPage.java:41)
at com.vtiger.objectRepository.CreateContactPage.ContactValid(CreateContactPage.java:41)
at com.vtiger.objectRepository.CreateContactPage.ContactValid(CreateContactPage.java:41)
at com.vtiger.objectRepository.CreateContactPage.ContactValid(CreateContactPage.java:41)
at com.vtiger.objectRepository.CreateContactPage.ContactValid(CreateContactPage.java:41)
at com.vtiger.objectRepository.CreateContactPage.ContactValid(CreateContactPage.java:41)
at com.vtiger.objectRepository.CreateContactPage.ContactValid(CreateContactPage.java:41)
at com.vtiger.objectRepository.CreateContactPage.ContactValid(CreateContactPage.java:41)
at com.vtiger.objectRepository.CreateContactPage.ContactValid(CreateContactPage.java:41)
at com.vtiger.objectRepository.CreateContactPage.ContactValid(CreateContactPage.java:41)
at com.vtiger.objectRepository.CreateContactPage.ContactValid(CreateContactPage.java:41)
at com.vtiger.objectRepository.CreateContactPage.ContactValid(CreateContactPage.java:41)
at com.vtiger.objectRepository.CreateContactPage.ContactValid(CreateContactPage.java:41)
at com.vtiger.objectRepository.CreateContactPage.ContactValid(CreateContactPage.java:41)
at com.vtiger.objectRepository.CreateContactPage.ContactValid(CreateContactPage.java:41)
at com.vtiger.objectRepository.CreateContactPage.ContactValid(CreateContactPage.java:41)
at com.vtiger.objectRepository.CreateContactPage.ContactValid(CreateContactPage.java:41)
at com.vtiger.objectRepository.CreateContactPage.ContactValid(CreateContactPage.java:41)
at com.vtiger.objectRepository.CreateContactPage.ContactValid(CreateContactPage.java:41)
at com.vtiger.objectRepository.CreateContactPage.ContactValid(CreateContactPage.java:41)
at com.vtiger.objectRepository.CreateContactPage.ContactValid(CreateContactPage.java:41)
at com.vtiger.objectRepository.CreateContactPage.ContactValid(CreateContactPage.java:41)
at com.vtiger.objectRepository.CreateContactPage.ContactValid(CreateContactPage.java:41)
at com.vtiger.objectRepository.CreateContactPage.ContactValid(CreateContactPage.java:41)
at com.vtiger.objectRepository.CreateContactPage.ContactValid(CreateContactPage.java:41)
at com.vtiger.objectRepository.CreateContactPage.ContactValid(CreateContactPage.java:41)
at com.vtiger.objectRepository.CreateContactPage.ContactValid(CreateContactPage.java:41)
at com.vtiger.objectRepository.CreateContactPage.ContactValid(CreateContactPage.java:41)
at com.vtiger.objectRepository.CreateContactPage.ContactValid(CreateContactPage.java:41)
at com.vtiger.objectRepository.CreateContactPage.ContactValid(CreateContactPage.java:41)
at com.vtiger.objectRepository.CreateContactPage.ContactValid(CreateContactPage.java:41)
at com.vtiger.objectRepository.CreateContactPage.ContactValid(CreateContactPage.java:41)
at com.vtiger.objectRepository.CreateContactPage.ContactValid(CreateContactPage.java:41)
at com.vtiger.objectRepository.CreateContactPage.ContactValid(CreateContactPage.java:41)
at com.vtiger.objectRepository.CreateContactPage.ContactValid(CreateContactPage.java:41)
at com.vtiger.objectRepository.CreateContactPage.ContactValid(CreateContactPage.java:41)
at com.vtiger.objectRepository.CreateContactPage.ContactValid(CreateContactPage.java:41)
at com.vtiger.objectRepository.CreateContactPage.ContactValid(CreateContactPage.java:41)
at com.vtiger.objectRepository.CreateContactPage.ContactValid(CreateContactPage.java:41)
at com.vtiger.objectRepository.CreateContactPage.ContactValid(CreateContactPage.java:41)
at com.vtiger.objectRepository.CreateContactPage.ContactValid(CreateContactPage.java:41)
at com.vtiger.objectRepository.CreateContactPage.ContactValid(CreateContactPage.java:41)
at com.vtiger.objectRepository.CreateContactPage.ContactValid(CreateContactPage.java:41)
at com.vtiger.objectRepository.CreateContactPage.ContactValid(CreateContactPage.java:41)
at com.vtiger.objectRepository.CreateContactPage.ContactValid(CreateContactPage.java:41)
at com.vtiger.objectRepository.CreateContactPage.ContactValid(CreateContactPage.java:41)
at com.vtiger.objectRepository.CreateContactPage.ContactValid(CreateContactPage.java:41)
at com.vtiger.objectRepository.CreateContactPage.ContactValid(CreateContactPage.java:41)
at com.vtiger.objectRepository.CreateContactPage.ContactValid(CreateContactPage.java:41)
at com.vtiger.objectRepository.CreateContactPage.ContactValid(CreateContactPage.java:41)
at com.vtiger.objectRepository.CreateContactPage.ContactValid(CreateContactPage.java:41)
at com.vtiger.objectRepository.CreateContactPage.ContactValid(CreateContactPage.java:41)
at com.vtiger.objectRepository.CreateContactPage.ContactValid(CreateContactPage.java:41)
at com.vtiger.objectRepository.CreateContactPage.ContactValid(CreateContactPage.java:41)
at com.vtiger.objectRepository.CreateContactPage.ContactValid(CreateContactPage.java:41)
at com.vtiger.objectRepository.CreateContactPage.ContactValid(CreateContactPage.java:41)
at com.vtiger.objectRepository.CreateContactPage.ContactValid(CreateContactPage.java:41)
at com.vtiger.objectRepository.CreateContactPage.ContactValid(CreateContactPage.java:41)
at com.vtiger.objectRepository.CreateContactPage.ContactValid(CreateContactPage.java:41)
at com.vtiger.objectRepository.CreateContactPage.ContactValid(CreateContactPage.java:41)
]]>
    </error>
  </testcase> <!-- createContact -->
  <system-out/>
</testsuite> <!-- com.vtiger.contactTest.CreateContactByUsingPropertyFileTest -->
