<?xml version="1.0" encoding="UTF-8"?>
<!-- Generated by org.testng.reporters.JUnitReportReporter -->
<testsuite hostname="DESKTOP-T2GVVGS" failures="0" tests="1" name="com.vtiger.practice.CreateContactByOrganizationAndWriteInExcelTestTest" time="0.011" errors="0" timestamp="2022-05-16T18:00:12 IST" skipped="0">
  <testcase classname="com.vtiger.practice.CreateContactByOrganizationAndWriteInExcelTestTest" name="f" time="0.011"/>
  <system-out/>
</testsuite> <!-- com.vtiger.practice.CreateContactByOrganizationAndWriteInExcelTestTest -->
