<?xml version="1.0" encoding="UTF-8"?>
<!-- Generated by org.testng.reporters.JUnitReportReporter -->
<testsuite hostname="DESKTOP-T2GVVGS" failures="0" tests="1" name="com.vtiger.productTest.CreateProductTest" time="16.898" errors="0" timestamp="2022-05-26T10:08:40 IST" skipped="0">
  <testcase classname="com.vtiger.productTest.CreateProductTest" name="createProductName" time="16.898"/>
  <system-out/>
</testsuite> <!-- com.vtiger.productTest.CreateProductTest -->
