<?xml version="1.0" encoding="UTF-8"?>
<!-- Generated by org.testng.reporters.JUnitReportReporter -->
<testsuite hostname="DESKTOP-T2GVVGS" failures="0" tests="1" name="com.vtiger.moreTest.CreateProductByCampaignUsingPfAndExcelTest" time="26.098" errors="0" timestamp="2022-05-18T12:38:03 IST" skipped="0">
  <testcase classname="com.vtiger.moreTest.CreateProductByCampaignUsingPfAndExcelTest" name="createProductByCampiagn" time="26.098"/>
  <system-out/>
</testsuite> <!-- com.vtiger.moreTest.CreateProductByCampaignUsingPfAndExcelTest -->
