<?xml version="1.0" encoding="UTF-8"?>
<!-- Generated by org.testng.reporters.JUnitReportReporter -->
<testsuite hostname="DESKTOP-T2GVVGS" failures="0" tests="2" name="com.vtiger.contactTest.CreateContactWithOrganizationTest" time="37.743" errors="0" timestamp="2022-05-26T10:08:40 IST" skipped="1">
  <testcase classname="com.vtiger.contactTest.CreateContactWithOrganizationTest" name="createContact" time="15.731"/>
  <system-out/>
  <testcase classname="com.vtiger.contactTest.CreateContactWithOrganizationTest" name="createContact" time="22.012">
    <skipped/>
  </testcase> <!-- createContact -->
  <system-out/>
</testsuite> <!-- com.vtiger.contactTest.CreateContactWithOrganizationTest -->
