<?xml version="1.0" encoding="UTF-8"?>
<!-- Generated by org.testng.reporters.JUnitReportReporter -->
<testsuite hostname="DESKTOP-T2GVVGS" failures="0" tests="4" name="com.vtiger.practice.TestNgPracticeTest1" time="0.015" errors="0" timestamp="2022-05-17T17:49:55 IST" skipped="0">
  <testcase classname="com.vtiger.practice.TestNgPracticeTest1" name="TestNgPracticeTest1" time="0.007"/>
  <system-out>
    <![CDATA[ramesh ====>  123]]>
  </system-out>
  <testcase classname="com.vtiger.practice.TestNgPracticeTest1" name="TestNgPracticeTest1" time="0.002"/>
  <system-out>
    <![CDATA[ramesh ====>  123]]>
  </system-out>
  <testcase classname="com.vtiger.practice.TestNgPracticeTest1" name="TestNgPracticeTest1" time="0.004"/>
  <system-out>
    <![CDATA[ramesh ====>  123]]>
  </system-out>
  <testcase classname="com.vtiger.practice.TestNgPracticeTest1" name="TestNgPracticeTest1" time="0.002"/>
  <system-out>
    <![CDATA[ramesh ====>  123]]>
  </system-out>
</testsuite> <!-- com.vtiger.practice.TestNgPracticeTest1 -->
